==> Preparing data..
==> Building model..
using densenet100_gr12_cifar
net_parameters_size is 1246597

cycle 0:

Epoch: 0
train_loss: 1.584, train_acc: 42.302% (21151/50000)
test_loss: 1.214, test_acc: 57.000% (5700/10000)

Epoch: 1
train_loss: 1.014, train_acc: 64.204% (32102/50000)
test_loss: 0.936, test_acc: 68.350% (6835/10000)

Epoch: 2
train_loss: 0.801, train_acc: 72.274% (36137/50000)
test_loss: 0.842, test_acc: 72.530% (7253/10000)

Epoch: 3
train_loss: 0.674, train_acc: 76.836% (38418/50000)
test_loss: 0.629, test_acc: 79.390% (7939/10000)

Epoch: 4
train_loss: 0.602, train_acc: 79.528% (39764/50000)
test_loss: 0.660, test_acc: 77.850% (7785/10000)

Epoch: 5
train_loss: 0.551, train_acc: 81.096% (40548/50000)
test_loss: 0.689, test_acc: 77.090% (7709/10000)

Epoch: 6
train_loss: 0.505, train_acc: 82.718% (41359/50000)
test_loss: 0.526, test_acc: 82.760% (8276/10000)

Epoch: 7
train_loss: 0.478, train_acc: 83.892% (41946/50000)
test_loss: 0.513, test_acc: 82.410% (8241/10000)

Epoch: 8
train_loss: 0.454, train_acc: 84.600% (42300/50000)
test_loss: 0.542, test_acc: 82.770% (8277/10000)

Epoch: 9
train_loss: 0.439, train_acc: 85.090% (42545/50000)
test_loss: 0.518, test_acc: 83.420% (8342/10000)

Epoch: 10
train_loss: 0.417, train_acc: 85.872% (42936/50000)
test_loss: 0.513, test_acc: 83.450% (8345/10000)

Epoch: 11
train_loss: 0.401, train_acc: 86.238% (43119/50000)
test_loss: 0.451, test_acc: 85.410% (8541/10000)

Epoch: 12
train_loss: 0.394, train_acc: 86.658% (43329/50000)
test_loss: 0.523, test_acc: 83.160% (8316/10000)

Epoch: 13
train_loss: 0.380, train_acc: 87.060% (43530/50000)
test_loss: 0.402, test_acc: 86.430% (8643/10000)

Epoch: 14
train_loss: 0.374, train_acc: 87.292% (43646/50000)
test_loss: 0.409, test_acc: 86.020% (8602/10000)

Epoch: 15
train_loss: 0.363, train_acc: 87.660% (43830/50000)
test_loss: 0.482, test_acc: 84.640% (8464/10000)

Epoch: 16
train_loss: 0.351, train_acc: 88.016% (44008/50000)
test_loss: 0.484, test_acc: 84.570% (8457/10000)

Epoch: 17
train_loss: 0.343, train_acc: 88.256% (44128/50000)
test_loss: 0.499, test_acc: 84.390% (8439/10000)

Epoch: 18
train_loss: 0.343, train_acc: 88.292% (44146/50000)
test_loss: 0.371, test_acc: 87.550% (8755/10000)

Epoch: 19
train_loss: 0.340, train_acc: 88.362% (44181/50000)
test_loss: 0.417, test_acc: 86.010% (8601/10000)

Epoch: 20
train_loss: 0.332, train_acc: 88.734% (44367/50000)
test_loss: 0.357, test_acc: 87.930% (8793/10000)

Epoch: 21
train_loss: 0.330, train_acc: 88.720% (44360/50000)
test_loss: 0.445, test_acc: 85.600% (8560/10000)

Epoch: 22
train_loss: 0.316, train_acc: 89.068% (44534/50000)
test_loss: 0.466, test_acc: 85.210% (8521/10000)

Epoch: 23
train_loss: 0.317, train_acc: 89.164% (44582/50000)
test_loss: 0.458, test_acc: 85.140% (8514/10000)

Epoch: 24
train_loss: 0.312, train_acc: 89.400% (44700/50000)
test_loss: 0.507, test_acc: 83.590% (8359/10000)

Epoch: 25
train_loss: 0.307, train_acc: 89.382% (44691/50000)
test_loss: 0.391, test_acc: 87.380% (8738/10000)

Epoch: 26
train_loss: 0.306, train_acc: 89.478% (44739/50000)
test_loss: 0.434, test_acc: 86.300% (8630/10000)

Epoch: 27
train_loss: 0.302, train_acc: 89.662% (44831/50000)
test_loss: 0.346, test_acc: 88.120% (8812/10000)

Epoch: 28
train_loss: 0.295, train_acc: 89.936% (44968/50000)
test_loss: 0.380, test_acc: 87.760% (8776/10000)

Epoch: 29
train_loss: 0.295, train_acc: 90.108% (45054/50000)
test_loss: 0.404, test_acc: 86.700% (8670/10000)

Epoch: 30
train_loss: 0.289, train_acc: 89.942% (44971/50000)
test_loss: 0.406, test_acc: 86.270% (8627/10000)

Epoch: 31
train_loss: 0.289, train_acc: 89.968% (44984/50000)
test_loss: 0.354, test_acc: 88.070% (8807/10000)

Epoch: 32
train_loss: 0.285, train_acc: 90.190% (45095/50000)
test_loss: 0.443, test_acc: 86.120% (8612/10000)

Epoch: 33
train_loss: 0.283, train_acc: 90.292% (45146/50000)
test_loss: 0.390, test_acc: 87.490% (8749/10000)

Epoch: 34
train_loss: 0.277, train_acc: 90.496% (45248/50000)
test_loss: 0.366, test_acc: 88.020% (8802/10000)

Epoch: 35
train_loss: 0.281, train_acc: 90.350% (45175/50000)
test_loss: 0.333, test_acc: 89.010% (8901/10000)

Epoch: 36
train_loss: 0.275, train_acc: 90.436% (45218/50000)
test_loss: 0.331, test_acc: 89.040% (8904/10000)

Epoch: 37
train_loss: 0.267, train_acc: 90.954% (45477/50000)
test_loss: 0.460, test_acc: 85.650% (8565/10000)

Epoch: 38
train_loss: 0.271, train_acc: 90.786% (45393/50000)
test_loss: 0.368, test_acc: 88.130% (8813/10000)

Epoch: 39
train_loss: 0.263, train_acc: 91.098% (45549/50000)
test_loss: 0.382, test_acc: 87.890% (8789/10000)

Epoch: 40
train_loss: 0.269, train_acc: 90.852% (45426/50000)
test_loss: 0.357, test_acc: 88.970% (8897/10000)

Epoch: 41
train_loss: 0.262, train_acc: 91.044% (45522/50000)
test_loss: 0.341, test_acc: 88.810% (8881/10000)

Epoch: 42
train_loss: 0.257, train_acc: 91.174% (45587/50000)
test_loss: 0.407, test_acc: 87.520% (8752/10000)

Epoch: 43
train_loss: 0.255, train_acc: 91.288% (45644/50000)
test_loss: 0.357, test_acc: 88.510% (8851/10000)

Epoch: 44
train_loss: 0.260, train_acc: 91.110% (45555/50000)
test_loss: 0.314, test_acc: 89.640% (8964/10000)

Epoch: 45
train_loss: 0.254, train_acc: 91.314% (45657/50000)
test_loss: 0.459, test_acc: 85.620% (8562/10000)

Epoch: 46
train_loss: 0.254, train_acc: 91.342% (45671/50000)
test_loss: 0.391, test_acc: 87.620% (8762/10000)

Epoch: 47
train_loss: 0.255, train_acc: 91.342% (45671/50000)
test_loss: 0.375, test_acc: 88.320% (8832/10000)

Epoch: 48
train_loss: 0.253, train_acc: 91.232% (45616/50000)
test_loss: 0.364, test_acc: 88.180% (8818/10000)

Epoch: 49
train_loss: 0.250, train_acc: 91.464% (45732/50000)
test_loss: 0.322, test_acc: 89.580% (8958/10000)

Epoch: 50
train_loss: 0.244, train_acc: 91.728% (45864/50000)
test_loss: 0.329, test_acc: 89.380% (8938/10000)

Epoch: 51
train_loss: 0.245, train_acc: 91.556% (45778/50000)
test_loss: 0.327, test_acc: 89.960% (8996/10000)

Epoch: 52
train_loss: 0.248, train_acc: 91.430% (45715/50000)
test_loss: 0.308, test_acc: 90.360% (9036/10000)

Epoch: 53
train_loss: 0.244, train_acc: 91.578% (45789/50000)
test_loss: 0.467, test_acc: 86.280% (8628/10000)

Epoch: 54
train_loss: 0.241, train_acc: 91.654% (45827/50000)
test_loss: 0.346, test_acc: 88.880% (8888/10000)

Epoch: 55
train_loss: 0.242, train_acc: 91.634% (45817/50000)
test_loss: 0.430, test_acc: 87.160% (8716/10000)

Epoch: 56
train_loss: 0.238, train_acc: 91.838% (45919/50000)
test_loss: 0.316, test_acc: 89.580% (8958/10000)

Epoch: 57
train_loss: 0.237, train_acc: 91.802% (45901/50000)
test_loss: 0.348, test_acc: 88.890% (8889/10000)

Epoch: 58
train_loss: 0.235, train_acc: 91.954% (45977/50000)
test_loss: 0.287, test_acc: 90.690% (9069/10000)

Epoch: 59
train_loss: 0.236, train_acc: 92.004% (46002/50000)
test_loss: 0.350, test_acc: 88.870% (8887/10000)

Epoch: 60
train_loss: 0.238, train_acc: 91.746% (45873/50000)
test_loss: 0.396, test_acc: 87.670% (8767/10000)

Epoch: 61
train_loss: 0.239, train_acc: 91.784% (45892/50000)
test_loss: 0.324, test_acc: 89.550% (8955/10000)

Epoch: 62
train_loss: 0.232, train_acc: 92.100% (46050/50000)
test_loss: 0.386, test_acc: 87.950% (8795/10000)

Epoch: 63
train_loss: 0.239, train_acc: 91.920% (45960/50000)
test_loss: 0.324, test_acc: 90.200% (9020/10000)

Epoch: 64
train_loss: 0.230, train_acc: 92.262% (46131/50000)
test_loss: 0.349, test_acc: 88.790% (8879/10000)

Epoch: 65
train_loss: 0.228, train_acc: 92.158% (46079/50000)
test_loss: 0.305, test_acc: 90.220% (9022/10000)

Epoch: 66
train_loss: 0.235, train_acc: 91.838% (45919/50000)
test_loss: 0.354, test_acc: 88.840% (8884/10000)

Epoch: 67
train_loss: 0.224, train_acc: 92.198% (46099/50000)
test_loss: 0.312, test_acc: 89.700% (8970/10000)

Epoch: 68
train_loss: 0.231, train_acc: 91.986% (45993/50000)
test_loss: 0.368, test_acc: 88.560% (8856/10000)

Epoch: 69
train_loss: 0.232, train_acc: 92.000% (46000/50000)
test_loss: 0.324, test_acc: 89.640% (8964/10000)

Epoch: 70
train_loss: 0.231, train_acc: 92.058% (46029/50000)
test_loss: 0.311, test_acc: 89.730% (8973/10000)

Epoch: 71
train_loss: 0.228, train_acc: 92.158% (46079/50000)
test_loss: 0.321, test_acc: 90.200% (9020/10000)

Epoch: 72
train_loss: 0.228, train_acc: 92.066% (46033/50000)
test_loss: 0.336, test_acc: 88.830% (8883/10000)

Epoch: 73
train_loss: 0.228, train_acc: 92.152% (46076/50000)
test_loss: 0.293, test_acc: 90.370% (9037/10000)

Epoch: 74
train_loss: 0.231, train_acc: 92.130% (46065/50000)
test_loss: 0.278, test_acc: 90.900% (9090/10000)

Epoch: 75
train_loss: 0.218, train_acc: 92.538% (46269/50000)
test_loss: 0.395, test_acc: 87.850% (8785/10000)

Epoch: 76
train_loss: 0.220, train_acc: 92.312% (46156/50000)
test_loss: 0.334, test_acc: 89.240% (8924/10000)

Epoch: 77
train_loss: 0.224, train_acc: 92.430% (46215/50000)
test_loss: 0.329, test_acc: 89.450% (8945/10000)

Epoch: 78
train_loss: 0.228, train_acc: 92.074% (46037/50000)
test_loss: 0.357, test_acc: 89.030% (8903/10000)

Epoch: 79
train_loss: 0.220, train_acc: 92.408% (46204/50000)
test_loss: 0.302, test_acc: 90.240% (9024/10000)

Epoch: 80
train_loss: 0.223, train_acc: 92.234% (46117/50000)
test_loss: 0.314, test_acc: 90.300% (9030/10000)

Epoch: 81
train_loss: 0.221, train_acc: 92.410% (46205/50000)
test_loss: 0.295, test_acc: 90.690% (9069/10000)

Epoch: 82
train_loss: 0.114, train_acc: 96.208% (48104/50000)
test_loss: 0.186, test_acc: 93.940% (9394/10000)

Epoch: 83
train_loss: 0.081, train_acc: 97.394% (48697/50000)
test_loss: 0.175, test_acc: 94.600% (9460/10000)

Epoch: 84
train_loss: 0.069, train_acc: 97.804% (48902/50000)
test_loss: 0.178, test_acc: 94.510% (9451/10000)

Epoch: 85
train_loss: 0.061, train_acc: 98.032% (49016/50000)
test_loss: 0.182, test_acc: 94.450% (9445/10000)

Epoch: 86
train_loss: 0.055, train_acc: 98.238% (49119/50000)
test_loss: 0.181, test_acc: 94.490% (9449/10000)

Epoch: 87
train_loss: 0.052, train_acc: 98.360% (49180/50000)
test_loss: 0.177, test_acc: 94.470% (9447/10000)

Epoch: 88
train_loss: 0.046, train_acc: 98.542% (49271/50000)
test_loss: 0.173, test_acc: 94.700% (9470/10000)

Epoch: 89
train_loss: 0.043, train_acc: 98.634% (49317/50000)
test_loss: 0.190, test_acc: 94.570% (9457/10000)

Epoch: 90
train_loss: 0.043, train_acc: 98.666% (49333/50000)
test_loss: 0.187, test_acc: 94.440% (9444/10000)

Epoch: 91
train_loss: 0.038, train_acc: 98.820% (49410/50000)
test_loss: 0.183, test_acc: 94.660% (9466/10000)

Epoch: 92
train_loss: 0.035, train_acc: 98.954% (49477/50000)
test_loss: 0.184, test_acc: 94.640% (9464/10000)

Epoch: 93
train_loss: 0.034, train_acc: 98.938% (49469/50000)
test_loss: 0.182, test_acc: 94.830% (9483/10000)

Epoch: 94
train_loss: 0.033, train_acc: 99.022% (49511/50000)
test_loss: 0.190, test_acc: 94.850% (9485/10000)

Epoch: 95
train_loss: 0.031, train_acc: 99.098% (49549/50000)
test_loss: 0.186, test_acc: 94.760% (9476/10000)

Epoch: 96
train_loss: 0.028, train_acc: 99.184% (49592/50000)
test_loss: 0.194, test_acc: 94.820% (9482/10000)

Epoch: 97
train_loss: 0.028, train_acc: 99.176% (49588/50000)
test_loss: 0.189, test_acc: 94.710% (9471/10000)

Epoch: 98
train_loss: 0.026, train_acc: 99.258% (49629/50000)
test_loss: 0.193, test_acc: 94.950% (9495/10000)

Epoch: 99
train_loss: 0.026, train_acc: 99.198% (49599/50000)
test_loss: 0.184, test_acc: 94.930% (9493/10000)

Epoch: 100
train_loss: 0.025, train_acc: 99.270% (49635/50000)
test_loss: 0.202, test_acc: 94.640% (9464/10000)

Epoch: 101
train_loss: 0.022, train_acc: 99.420% (49710/50000)
test_loss: 0.193, test_acc: 94.750% (9475/10000)

Epoch: 102
train_loss: 0.024, train_acc: 99.250% (49625/50000)
test_loss: 0.198, test_acc: 94.660% (9466/10000)

Epoch: 103
train_loss: 0.023, train_acc: 99.346% (49673/50000)
test_loss: 0.199, test_acc: 94.540% (9454/10000)

Epoch: 104
train_loss: 0.023, train_acc: 99.288% (49644/50000)
test_loss: 0.197, test_acc: 94.670% (9467/10000)

Epoch: 105
train_loss: 0.020, train_acc: 99.470% (49735/50000)
test_loss: 0.206, test_acc: 94.470% (9447/10000)

Epoch: 106
train_loss: 0.021, train_acc: 99.426% (49713/50000)
test_loss: 0.211, test_acc: 94.500% (9450/10000)

Epoch: 107
train_loss: 0.019, train_acc: 99.486% (49743/50000)
test_loss: 0.206, test_acc: 94.670% (9467/10000)

Epoch: 108
train_loss: 0.020, train_acc: 99.448% (49724/50000)
test_loss: 0.202, test_acc: 94.690% (9469/10000)

Epoch: 109
train_loss: 0.018, train_acc: 99.506% (49753/50000)
test_loss: 0.211, test_acc: 94.760% (9476/10000)

Epoch: 110
train_loss: 0.019, train_acc: 99.444% (49722/50000)
test_loss: 0.214, test_acc: 94.540% (9454/10000)

Epoch: 111
train_loss: 0.017, train_acc: 99.492% (49746/50000)
test_loss: 0.213, test_acc: 94.790% (9479/10000)

Epoch: 112
train_loss: 0.017, train_acc: 99.546% (49773/50000)
test_loss: 0.208, test_acc: 94.690% (9469/10000)

Epoch: 113
train_loss: 0.017, train_acc: 99.532% (49766/50000)
test_loss: 0.217, test_acc: 94.520% (9452/10000)

Epoch: 114
train_loss: 0.018, train_acc: 99.498% (49749/50000)
test_loss: 0.214, test_acc: 94.830% (9483/10000)

Epoch: 115
train_loss: 0.018, train_acc: 99.504% (49752/50000)
test_loss: 0.196, test_acc: 94.810% (9481/10000)

Epoch: 116
train_loss: 0.016, train_acc: 99.548% (49774/50000)
test_loss: 0.203, test_acc: 94.760% (9476/10000)

Epoch: 117
train_loss: 0.016, train_acc: 99.574% (49787/50000)
test_loss: 0.209, test_acc: 94.740% (9474/10000)

Epoch: 118
train_loss: 0.016, train_acc: 99.566% (49783/50000)
test_loss: 0.210, test_acc: 94.520% (9452/10000)

Epoch: 119
train_loss: 0.016, train_acc: 99.556% (49778/50000)
test_loss: 0.198, test_acc: 94.970% (9497/10000)

Epoch: 120
train_loss: 0.017, train_acc: 99.510% (49755/50000)
test_loss: 0.211, test_acc: 94.910% (9491/10000)

Epoch: 121
train_loss: 0.016, train_acc: 99.532% (49766/50000)
test_loss: 0.223, test_acc: 94.220% (9422/10000)

Epoch: 122
train_loss: 0.015, train_acc: 99.578% (49789/50000)
test_loss: 0.204, test_acc: 94.990% (9499/10000)

Epoch: 123
train_loss: 0.012, train_acc: 99.668% (49834/50000)
test_loss: 0.202, test_acc: 95.240% (9524/10000)

Epoch: 124
train_loss: 0.010, train_acc: 99.778% (49889/50000)
test_loss: 0.193, test_acc: 95.300% (9530/10000)

Epoch: 125
train_loss: 0.010, train_acc: 99.796% (49898/50000)
test_loss: 0.198, test_acc: 95.070% (9507/10000)

Epoch: 126
train_loss: 0.010, train_acc: 99.800% (49900/50000)
test_loss: 0.199, test_acc: 95.210% (9521/10000)

Epoch: 127
train_loss: 0.010, train_acc: 99.800% (49900/50000)
test_loss: 0.194, test_acc: 95.290% (9529/10000)

Epoch: 128
train_loss: 0.008, train_acc: 99.830% (49915/50000)
test_loss: 0.199, test_acc: 95.200% (9520/10000)

Epoch: 129
train_loss: 0.009, train_acc: 99.798% (49899/50000)
test_loss: 0.192, test_acc: 95.200% (9520/10000)

Epoch: 130
train_loss: 0.009, train_acc: 99.844% (49922/50000)
test_loss: 0.195, test_acc: 95.310% (9531/10000)

Epoch: 131
train_loss: 0.008, train_acc: 99.864% (49932/50000)
test_loss: 0.197, test_acc: 95.270% (9527/10000)

Epoch: 132
train_loss: 0.009, train_acc: 99.820% (49910/50000)
test_loss: 0.205, test_acc: 95.200% (9520/10000)

Epoch: 133
train_loss: 0.009, train_acc: 99.844% (49922/50000)
test_loss: 0.193, test_acc: 95.360% (9536/10000)

Epoch: 134
train_loss: 0.008, train_acc: 99.836% (49918/50000)
test_loss: 0.199, test_acc: 95.160% (9516/10000)

Epoch: 135
train_loss: 0.008, train_acc: 99.830% (49915/50000)
test_loss: 0.197, test_acc: 95.290% (9529/10000)

Epoch: 136
train_loss: 0.007, train_acc: 99.848% (49924/50000)
test_loss: 0.195, test_acc: 95.250% (9525/10000)

Epoch: 137
train_loss: 0.008, train_acc: 99.848% (49924/50000)
test_loss: 0.193, test_acc: 95.340% (9534/10000)

Epoch: 138
train_loss: 0.008, train_acc: 99.860% (49930/50000)
test_loss: 0.203, test_acc: 95.280% (9528/10000)

Epoch: 139
train_loss: 0.007, train_acc: 99.872% (49936/50000)
test_loss: 0.201, test_acc: 95.240% (9524/10000)

Epoch: 140
train_loss: 0.007, train_acc: 99.870% (49935/50000)
test_loss: 0.198, test_acc: 95.160% (9516/10000)

Epoch: 141
train_loss: 0.007, train_acc: 99.850% (49925/50000)
test_loss: 0.203, test_acc: 95.130% (9513/10000)

Epoch: 142
train_loss: 0.007, train_acc: 99.860% (49930/50000)
test_loss: 0.200, test_acc: 95.130% (9513/10000)

Epoch: 143
train_loss: 0.007, train_acc: 99.866% (49933/50000)
test_loss: 0.194, test_acc: 95.190% (9519/10000)

Epoch: 144
train_loss: 0.007, train_acc: 99.892% (49946/50000)
test_loss: 0.199, test_acc: 95.110% (9511/10000)

Epoch: 145
train_loss: 0.007, train_acc: 99.858% (49929/50000)
test_loss: 0.203, test_acc: 95.010% (9501/10000)

Epoch: 146
train_loss: 0.007, train_acc: 99.880% (49940/50000)
test_loss: 0.205, test_acc: 95.030% (9503/10000)

Epoch: 147
train_loss: 0.007, train_acc: 99.870% (49935/50000)
test_loss: 0.202, test_acc: 95.110% (9511/10000)

Epoch: 148
train_loss: 0.007, train_acc: 99.874% (49937/50000)
test_loss: 0.201, test_acc: 95.220% (9522/10000)

Epoch: 149
train_loss: 0.007, train_acc: 99.868% (49934/50000)
test_loss: 0.198, test_acc: 95.170% (9517/10000)

Epoch: 150
train_loss: 0.007, train_acc: 99.838% (49919/50000)
test_loss: 0.197, test_acc: 95.280% (9528/10000)

Epoch: 151
train_loss: 0.006, train_acc: 99.888% (49944/50000)
test_loss: 0.194, test_acc: 95.260% (9526/10000)

Epoch: 152
train_loss: 0.007, train_acc: 99.852% (49926/50000)
test_loss: 0.203, test_acc: 95.050% (9505/10000)

Epoch: 153
train_loss: 0.007, train_acc: 99.878% (49939/50000)
test_loss: 0.201, test_acc: 95.160% (9516/10000)

Epoch: 154
train_loss: 0.007, train_acc: 99.888% (49944/50000)
test_loss: 0.199, test_acc: 95.330% (9533/10000)

Epoch: 155
train_loss: 0.008, train_acc: 99.866% (49933/50000)
test_loss: 0.197, test_acc: 95.270% (9527/10000)

Epoch: 156
train_loss: 0.007, train_acc: 99.884% (49942/50000)
test_loss: 0.199, test_acc: 95.120% (9512/10000)

Epoch: 157
train_loss: 0.007, train_acc: 99.866% (49933/50000)
test_loss: 0.204, test_acc: 95.120% (9512/10000)

Epoch: 158
train_loss: 0.006, train_acc: 99.880% (49940/50000)
test_loss: 0.202, test_acc: 95.140% (9514/10000)

Epoch: 159
train_loss: 0.006, train_acc: 99.890% (49945/50000)
test_loss: 0.197, test_acc: 95.140% (9514/10000)

Epoch: 160
train_loss: 0.006, train_acc: 99.886% (49943/50000)
test_loss: 0.203, test_acc: 95.170% (9517/10000)

Epoch: 161
train_loss: 0.006, train_acc: 99.898% (49949/50000)
test_loss: 0.194, test_acc: 95.270% (9527/10000)

Epoch: 162
train_loss: 0.006, train_acc: 99.900% (49950/50000)
test_loss: 0.199, test_acc: 95.150% (9515/10000)

Epoch: 163
train_loss: 0.006, train_acc: 99.892% (49946/50000)
test_loss: 0.200, test_acc: 95.310% (9531/10000)
finished