==> Preparing data..
==> Building model..
using densenet100_gr24_cifar
net_parameters_size is 4827037

cycle 0:

Epoch: 0
train_loss: 1.652, train_acc: 41.268% (20634/50000)
test_loss: 1.313, test_acc: 54.490% (5449/10000)

Epoch: 1
train_loss: 1.014, train_acc: 64.182% (32091/50000)
test_loss: 0.797, test_acc: 72.380% (7238/10000)

Epoch: 2
train_loss: 0.768, train_acc: 73.396% (36698/50000)
test_loss: 0.810, test_acc: 74.490% (7449/10000)

Epoch: 3
train_loss: 0.628, train_acc: 78.466% (39233/50000)
test_loss: 0.596, test_acc: 79.870% (7987/10000)

Epoch: 4
train_loss: 0.549, train_acc: 81.102% (40551/50000)
test_loss: 0.563, test_acc: 80.930% (8093/10000)

Epoch: 5
train_loss: 0.494, train_acc: 83.082% (41541/50000)
test_loss: 0.524, test_acc: 82.820% (8282/10000)

Epoch: 6
train_loss: 0.454, train_acc: 84.458% (42229/50000)
test_loss: 0.553, test_acc: 81.300% (8130/10000)

Epoch: 7
train_loss: 0.416, train_acc: 85.890% (42945/50000)
test_loss: 0.416, test_acc: 85.820% (8582/10000)

Epoch: 8
train_loss: 0.393, train_acc: 86.730% (43365/50000)
test_loss: 0.466, test_acc: 85.290% (8529/10000)

Epoch: 9
train_loss: 0.371, train_acc: 87.270% (43635/50000)
test_loss: 0.437, test_acc: 85.420% (8542/10000)

Epoch: 10
train_loss: 0.347, train_acc: 88.100% (44050/50000)
test_loss: 0.425, test_acc: 86.390% (8639/10000)

Epoch: 11
train_loss: 0.336, train_acc: 88.570% (44285/50000)
test_loss: 0.454, test_acc: 85.120% (8512/10000)

Epoch: 12
train_loss: 0.326, train_acc: 88.756% (44378/50000)
test_loss: 0.434, test_acc: 86.040% (8604/10000)

Epoch: 13
train_loss: 0.311, train_acc: 89.430% (44715/50000)
test_loss: 0.379, test_acc: 87.310% (8731/10000)

Epoch: 14
train_loss: 0.304, train_acc: 89.694% (44847/50000)
test_loss: 0.475, test_acc: 85.240% (8524/10000)

Epoch: 15
train_loss: 0.293, train_acc: 89.864% (44932/50000)
test_loss: 0.364, test_acc: 87.960% (8796/10000)

Epoch: 16
train_loss: 0.286, train_acc: 90.142% (45071/50000)
test_loss: 0.355, test_acc: 88.160% (8816/10000)

Epoch: 17
train_loss: 0.283, train_acc: 90.300% (45150/50000)
test_loss: 0.375, test_acc: 88.250% (8825/10000)

Epoch: 18
train_loss: 0.277, train_acc: 90.586% (45293/50000)
test_loss: 0.334, test_acc: 89.240% (8924/10000)

Epoch: 19
train_loss: 0.268, train_acc: 90.840% (45420/50000)
test_loss: 0.337, test_acc: 89.310% (8931/10000)

Epoch: 20
train_loss: 0.265, train_acc: 90.966% (45483/50000)
test_loss: 0.406, test_acc: 86.960% (8696/10000)

Epoch: 21
train_loss: 0.262, train_acc: 91.068% (45534/50000)
test_loss: 0.379, test_acc: 87.640% (8764/10000)

Epoch: 22
train_loss: 0.258, train_acc: 91.142% (45571/50000)
test_loss: 0.334, test_acc: 89.430% (8943/10000)

Epoch: 23
train_loss: 0.254, train_acc: 91.310% (45655/50000)
test_loss: 0.318, test_acc: 89.530% (8953/10000)

Epoch: 24
train_loss: 0.252, train_acc: 91.346% (45673/50000)
test_loss: 0.333, test_acc: 88.930% (8893/10000)

Epoch: 25
train_loss: 0.247, train_acc: 91.468% (45734/50000)
test_loss: 0.381, test_acc: 87.920% (8792/10000)

Epoch: 26
train_loss: 0.242, train_acc: 91.776% (45888/50000)
test_loss: 0.425, test_acc: 87.310% (8731/10000)

Epoch: 27
train_loss: 0.243, train_acc: 91.626% (45813/50000)
test_loss: 0.333, test_acc: 89.160% (8916/10000)

Epoch: 28
train_loss: 0.237, train_acc: 91.964% (45982/50000)
test_loss: 0.374, test_acc: 87.780% (8778/10000)

Epoch: 29
train_loss: 0.230, train_acc: 92.216% (46108/50000)
test_loss: 0.368, test_acc: 88.830% (8883/10000)

Epoch: 30
train_loss: 0.231, train_acc: 92.204% (46102/50000)
test_loss: 0.344, test_acc: 88.800% (8880/10000)

Epoch: 31
train_loss: 0.227, train_acc: 92.182% (46091/50000)
test_loss: 0.344, test_acc: 89.090% (8909/10000)

Epoch: 32
train_loss: 0.230, train_acc: 92.196% (46098/50000)
test_loss: 0.326, test_acc: 89.640% (8964/10000)

Epoch: 33
train_loss: 0.226, train_acc: 92.158% (46079/50000)
test_loss: 0.480, test_acc: 85.290% (8529/10000)

Epoch: 34
train_loss: 0.222, train_acc: 92.362% (46181/50000)
test_loss: 0.463, test_acc: 85.810% (8581/10000)

Epoch: 35
train_loss: 0.217, train_acc: 92.660% (46330/50000)
test_loss: 0.436, test_acc: 86.260% (8626/10000)

Epoch: 36
train_loss: 0.219, train_acc: 92.514% (46257/50000)
test_loss: 0.313, test_acc: 89.880% (8988/10000)

Epoch: 37
train_loss: 0.215, train_acc: 92.612% (46306/50000)
test_loss: 0.308, test_acc: 90.080% (9008/10000)

Epoch: 38
train_loss: 0.214, train_acc: 92.642% (46321/50000)
test_loss: 0.376, test_acc: 88.570% (8857/10000)

Epoch: 39
train_loss: 0.213, train_acc: 92.692% (46346/50000)
test_loss: 0.405, test_acc: 87.380% (8738/10000)

Epoch: 40
train_loss: 0.206, train_acc: 92.996% (46498/50000)
test_loss: 0.363, test_acc: 88.500% (8850/10000)

Epoch: 41
train_loss: 0.210, train_acc: 92.934% (46467/50000)
test_loss: 0.421, test_acc: 87.580% (8758/10000)

Epoch: 42
train_loss: 0.213, train_acc: 92.722% (46361/50000)
test_loss: 0.353, test_acc: 89.120% (8912/10000)

Epoch: 43
train_loss: 0.204, train_acc: 92.890% (46445/50000)
test_loss: 0.304, test_acc: 90.300% (9030/10000)

Epoch: 44
train_loss: 0.207, train_acc: 92.946% (46473/50000)
test_loss: 0.435, test_acc: 86.770% (8677/10000)

Epoch: 45
train_loss: 0.199, train_acc: 93.222% (46611/50000)
test_loss: 0.353, test_acc: 89.240% (8924/10000)

Epoch: 46
train_loss: 0.200, train_acc: 93.096% (46548/50000)
test_loss: 0.314, test_acc: 90.000% (9000/10000)

Epoch: 47
train_loss: 0.201, train_acc: 93.084% (46542/50000)
test_loss: 0.303, test_acc: 90.220% (9022/10000)

Epoch: 48
train_loss: 0.200, train_acc: 93.096% (46548/50000)
test_loss: 0.381, test_acc: 88.300% (8830/10000)

Epoch: 49
train_loss: 0.191, train_acc: 93.434% (46717/50000)
test_loss: 0.365, test_acc: 88.740% (8874/10000)

Epoch: 50
train_loss: 0.194, train_acc: 93.228% (46614/50000)
test_loss: 0.333, test_acc: 89.690% (8969/10000)

Epoch: 51
train_loss: 0.191, train_acc: 93.502% (46751/50000)
test_loss: 0.318, test_acc: 89.810% (8981/10000)

Epoch: 52
train_loss: 0.193, train_acc: 93.338% (46669/50000)
test_loss: 0.305, test_acc: 90.090% (9009/10000)

Epoch: 53
train_loss: 0.198, train_acc: 93.190% (46595/50000)
test_loss: 0.412, test_acc: 88.120% (8812/10000)

Epoch: 54
train_loss: 0.195, train_acc: 93.396% (46698/50000)
test_loss: 0.378, test_acc: 88.390% (8839/10000)

Epoch: 55
train_loss: 0.189, train_acc: 93.434% (46717/50000)
test_loss: 0.323, test_acc: 89.850% (8985/10000)

Epoch: 56
train_loss: 0.187, train_acc: 93.684% (46842/50000)
test_loss: 0.271, test_acc: 91.480% (9148/10000)

Epoch: 57
train_loss: 0.186, train_acc: 93.526% (46763/50000)
test_loss: 0.291, test_acc: 90.820% (9082/10000)

Epoch: 58
train_loss: 0.186, train_acc: 93.544% (46772/50000)
test_loss: 0.334, test_acc: 89.990% (8999/10000)

Epoch: 59
train_loss: 0.194, train_acc: 93.316% (46658/50000)
test_loss: 0.329, test_acc: 89.680% (8968/10000)

Epoch: 60
train_loss: 0.180, train_acc: 93.728% (46864/50000)
test_loss: 0.456, test_acc: 87.280% (8728/10000)

Epoch: 61
train_loss: 0.186, train_acc: 93.546% (46773/50000)
test_loss: 0.305, test_acc: 90.400% (9040/10000)

Epoch: 62
train_loss: 0.180, train_acc: 93.838% (46919/50000)
test_loss: 0.297, test_acc: 90.490% (9049/10000)

Epoch: 63
train_loss: 0.181, train_acc: 93.740% (46870/50000)
test_loss: 0.407, test_acc: 88.130% (8813/10000)

Epoch: 64
train_loss: 0.181, train_acc: 93.816% (46908/50000)
test_loss: 0.339, test_acc: 89.510% (8951/10000)

Epoch: 65
train_loss: 0.178, train_acc: 94.016% (47008/50000)
test_loss: 0.285, test_acc: 90.760% (9076/10000)

Epoch: 66
train_loss: 0.178, train_acc: 93.914% (46957/50000)
test_loss: 0.332, test_acc: 90.130% (9013/10000)

Epoch: 67
train_loss: 0.183, train_acc: 93.678% (46839/50000)
test_loss: 0.386, test_acc: 88.600% (8860/10000)

Epoch: 68
train_loss: 0.182, train_acc: 93.804% (46902/50000)
test_loss: 0.295, test_acc: 90.640% (9064/10000)

Epoch: 69
train_loss: 0.180, train_acc: 93.714% (46857/50000)
test_loss: 0.340, test_acc: 89.520% (8952/10000)

Epoch: 70
train_loss: 0.178, train_acc: 93.960% (46980/50000)
test_loss: 0.329, test_acc: 89.440% (8944/10000)

Epoch: 71
train_loss: 0.177, train_acc: 93.894% (46947/50000)
test_loss: 0.354, test_acc: 89.090% (8909/10000)

Epoch: 72
train_loss: 0.175, train_acc: 94.056% (47028/50000)
test_loss: 0.291, test_acc: 90.660% (9066/10000)

Epoch: 73
train_loss: 0.175, train_acc: 94.002% (47001/50000)
test_loss: 0.266, test_acc: 91.300% (9130/10000)

Epoch: 74
train_loss: 0.176, train_acc: 93.930% (46965/50000)
test_loss: 0.308, test_acc: 90.120% (9012/10000)

Epoch: 75
train_loss: 0.170, train_acc: 94.102% (47051/50000)
test_loss: 0.439, test_acc: 87.060% (8706/10000)

Epoch: 76
train_loss: 0.172, train_acc: 94.176% (47088/50000)
test_loss: 0.338, test_acc: 89.560% (8956/10000)

Epoch: 77
train_loss: 0.170, train_acc: 94.128% (47064/50000)
test_loss: 0.363, test_acc: 89.250% (8925/10000)

Epoch: 78
train_loss: 0.180, train_acc: 93.770% (46885/50000)
test_loss: 0.437, test_acc: 86.820% (8682/10000)

Epoch: 79
train_loss: 0.173, train_acc: 94.256% (47128/50000)
test_loss: 0.364, test_acc: 88.860% (8886/10000)

Epoch: 80
train_loss: 0.174, train_acc: 94.058% (47029/50000)
test_loss: 0.313, test_acc: 90.700% (9070/10000)

Epoch: 81
train_loss: 0.172, train_acc: 94.110% (47055/50000)
test_loss: 0.374, test_acc: 88.890% (8889/10000)

Epoch: 82
train_loss: 0.075, train_acc: 97.604% (48802/50000)
test_loss: 0.159, test_acc: 94.940% (9494/10000)

Epoch: 83
train_loss: 0.045, train_acc: 98.632% (49316/50000)
test_loss: 0.154, test_acc: 95.200% (9520/10000)

Epoch: 84
train_loss: 0.035, train_acc: 99.006% (49503/50000)
test_loss: 0.152, test_acc: 95.400% (9540/10000)

Epoch: 85
train_loss: 0.029, train_acc: 99.204% (49602/50000)
test_loss: 0.155, test_acc: 95.370% (9537/10000)

Epoch: 86
train_loss: 0.023, train_acc: 99.406% (49703/50000)
test_loss: 0.157, test_acc: 95.440% (9544/10000)

Epoch: 87
train_loss: 0.022, train_acc: 99.434% (49717/50000)
test_loss: 0.155, test_acc: 95.450% (9545/10000)

Epoch: 88
train_loss: 0.019, train_acc: 99.522% (49761/50000)
test_loss: 0.163, test_acc: 95.570% (9557/10000)

Epoch: 89
train_loss: 0.017, train_acc: 99.564% (49782/50000)
test_loss: 0.163, test_acc: 95.550% (9555/10000)

Epoch: 90
train_loss: 0.016, train_acc: 99.604% (49802/50000)
test_loss: 0.166, test_acc: 95.440% (9544/10000)

Epoch: 91
train_loss: 0.016, train_acc: 99.572% (49786/50000)
test_loss: 0.166, test_acc: 95.430% (9543/10000)

Epoch: 92
train_loss: 0.014, train_acc: 99.680% (49840/50000)
test_loss: 0.168, test_acc: 95.520% (9552/10000)

Epoch: 93
train_loss: 0.013, train_acc: 99.706% (49853/50000)
test_loss: 0.170, test_acc: 95.550% (9555/10000)

Epoch: 94
train_loss: 0.012, train_acc: 99.690% (49845/50000)
test_loss: 0.170, test_acc: 95.600% (9560/10000)

Epoch: 95
train_loss: 0.011, train_acc: 99.744% (49872/50000)
test_loss: 0.167, test_acc: 95.600% (9560/10000)

Epoch: 96
train_loss: 0.010, train_acc: 99.800% (49900/50000)
test_loss: 0.167, test_acc: 95.550% (9555/10000)

Epoch: 97
train_loss: 0.009, train_acc: 99.790% (49895/50000)
test_loss: 0.173, test_acc: 95.490% (9549/10000)

Epoch: 98
train_loss: 0.009, train_acc: 99.790% (49895/50000)
test_loss: 0.174, test_acc: 95.490% (9549/10000)

Epoch: 99
train_loss: 0.009, train_acc: 99.814% (49907/50000)
test_loss: 0.177, test_acc: 95.520% (9552/10000)

Epoch: 100
train_loss: 0.009, train_acc: 99.802% (49901/50000)
test_loss: 0.184, test_acc: 95.200% (9520/10000)

Epoch: 101
train_loss: 0.008, train_acc: 99.826% (49913/50000)
test_loss: 0.184, test_acc: 95.340% (9534/10000)

Epoch: 102
train_loss: 0.008, train_acc: 99.838% (49919/50000)
test_loss: 0.177, test_acc: 95.550% (9555/10000)

Epoch: 103
train_loss: 0.007, train_acc: 99.834% (49917/50000)
test_loss: 0.177, test_acc: 95.500% (9550/10000)

Epoch: 104
train_loss: 0.007, train_acc: 99.834% (49917/50000)
test_loss: 0.179, test_acc: 95.620% (9562/10000)

Epoch: 105
train_loss: 0.007, train_acc: 99.874% (49937/50000)
test_loss: 0.194, test_acc: 95.280% (9528/10000)

Epoch: 106
train_loss: 0.008, train_acc: 99.812% (49906/50000)
test_loss: 0.186, test_acc: 95.420% (9542/10000)

Epoch: 107
train_loss: 0.006, train_acc: 99.856% (49928/50000)
test_loss: 0.176, test_acc: 95.680% (9568/10000)

Epoch: 108
train_loss: 0.006, train_acc: 99.890% (49945/50000)
test_loss: 0.183, test_acc: 95.730% (9573/10000)

Epoch: 109
train_loss: 0.006, train_acc: 99.872% (49936/50000)
test_loss: 0.179, test_acc: 95.540% (9554/10000)

Epoch: 110
train_loss: 0.006, train_acc: 99.896% (49948/50000)
test_loss: 0.177, test_acc: 95.700% (9570/10000)

Epoch: 111
train_loss: 0.006, train_acc: 99.908% (49954/50000)
test_loss: 0.183, test_acc: 95.520% (9552/10000)

Epoch: 112
train_loss: 0.005, train_acc: 99.894% (49947/50000)
test_loss: 0.193, test_acc: 95.460% (9546/10000)

Epoch: 113
train_loss: 0.006, train_acc: 99.878% (49939/50000)
test_loss: 0.184, test_acc: 95.500% (9550/10000)

Epoch: 114
train_loss: 0.005, train_acc: 99.900% (49950/50000)
test_loss: 0.179, test_acc: 95.560% (9556/10000)

Epoch: 115
train_loss: 0.006, train_acc: 99.878% (49939/50000)
test_loss: 0.189, test_acc: 95.350% (9535/10000)

Epoch: 116
train_loss: 0.006, train_acc: 99.866% (49933/50000)
test_loss: 0.188, test_acc: 95.620% (9562/10000)

Epoch: 117
train_loss: 0.005, train_acc: 99.914% (49957/50000)
test_loss: 0.184, test_acc: 95.580% (9558/10000)

Epoch: 118
train_loss: 0.005, train_acc: 99.888% (49944/50000)
test_loss: 0.208, test_acc: 95.160% (9516/10000)

Epoch: 119
train_loss: 0.006, train_acc: 99.868% (49934/50000)
test_loss: 0.191, test_acc: 95.420% (9542/10000)

Epoch: 120
train_loss: 0.005, train_acc: 99.906% (49953/50000)
test_loss: 0.189, test_acc: 95.780% (9578/10000)

Epoch: 121
train_loss: 0.006, train_acc: 99.886% (49943/50000)
test_loss: 0.187, test_acc: 95.670% (9567/10000)

Epoch: 122
train_loss: 0.006, train_acc: 99.890% (49945/50000)
test_loss: 0.192, test_acc: 95.550% (9555/10000)

Epoch: 123
train_loss: 0.005, train_acc: 99.908% (49954/50000)
test_loss: 0.190, test_acc: 95.650% (9565/10000)

Epoch: 124
train_loss: 0.004, train_acc: 99.940% (49970/50000)
test_loss: 0.185, test_acc: 95.690% (9569/10000)

Epoch: 125
train_loss: 0.004, train_acc: 99.928% (49964/50000)
test_loss: 0.184, test_acc: 95.700% (9570/10000)

Epoch: 126
train_loss: 0.004, train_acc: 99.956% (49978/50000)
test_loss: 0.185, test_acc: 95.720% (9572/10000)

Epoch: 127
train_loss: 0.003, train_acc: 99.952% (49976/50000)
test_loss: 0.182, test_acc: 95.730% (9573/10000)

Epoch: 128
train_loss: 0.003, train_acc: 99.952% (49976/50000)
test_loss: 0.185, test_acc: 95.760% (9576/10000)

Epoch: 129
train_loss: 0.003, train_acc: 99.966% (49983/50000)
test_loss: 0.181, test_acc: 95.800% (9580/10000)

Epoch: 130
train_loss: 0.003, train_acc: 99.948% (49974/50000)
test_loss: 0.179, test_acc: 95.850% (9585/10000)

Epoch: 131
train_loss: 0.003, train_acc: 99.938% (49969/50000)
test_loss: 0.181, test_acc: 95.870% (9587/10000)

Epoch: 132
train_loss: 0.003, train_acc: 99.956% (49978/50000)
test_loss: 0.182, test_acc: 95.790% (9579/10000)

Epoch: 133
train_loss: 0.003, train_acc: 99.948% (49974/50000)
test_loss: 0.180, test_acc: 95.860% (9586/10000)

Epoch: 134
train_loss: 0.003, train_acc: 99.964% (49982/50000)
test_loss: 0.176, test_acc: 95.730% (9573/10000)

Epoch: 135
train_loss: 0.003, train_acc: 99.972% (49986/50000)
test_loss: 0.182, test_acc: 95.750% (9575/10000)

Epoch: 136
train_loss: 0.003, train_acc: 99.958% (49979/50000)
test_loss: 0.177, test_acc: 95.940% (9594/10000)

Epoch: 137
train_loss: 0.003, train_acc: 99.960% (49980/50000)
test_loss: 0.182, test_acc: 95.730% (9573/10000)

Epoch: 138
train_loss: 0.003, train_acc: 99.960% (49980/50000)
test_loss: 0.182, test_acc: 95.730% (9573/10000)

Epoch: 139
train_loss: 0.003, train_acc: 99.978% (49989/50000)
test_loss: 0.182, test_acc: 95.760% (9576/10000)

Epoch: 140
train_loss: 0.003, train_acc: 99.962% (49981/50000)
test_loss: 0.182, test_acc: 95.790% (9579/10000)

Epoch: 141
train_loss: 0.003, train_acc: 99.954% (49977/50000)
test_loss: 0.181, test_acc: 95.730% (9573/10000)

Epoch: 142
train_loss: 0.003, train_acc: 99.958% (49979/50000)
test_loss: 0.180, test_acc: 95.800% (9580/10000)

Epoch: 143
train_loss: 0.003, train_acc: 99.976% (49988/50000)
test_loss: 0.179, test_acc: 95.820% (9582/10000)

Epoch: 144
train_loss: 0.003, train_acc: 99.968% (49984/50000)
test_loss: 0.186, test_acc: 95.740% (9574/10000)

Epoch: 145
train_loss: 0.003, train_acc: 99.964% (49982/50000)
test_loss: 0.178, test_acc: 95.830% (9583/10000)

Epoch: 146
train_loss: 0.003, train_acc: 99.964% (49982/50000)
test_loss: 0.180, test_acc: 95.770% (9577/10000)

Epoch: 147
train_loss: 0.003, train_acc: 99.948% (49974/50000)
test_loss: 0.180, test_acc: 95.830% (9583/10000)

Epoch: 148
train_loss: 0.003, train_acc: 99.962% (49981/50000)
test_loss: 0.181, test_acc: 95.780% (9578/10000)

Epoch: 149
train_loss: 0.003, train_acc: 99.968% (49984/50000)
test_loss: 0.181, test_acc: 95.910% (9591/10000)

Epoch: 150
train_loss: 0.002, train_acc: 99.982% (49991/50000)
test_loss: 0.181, test_acc: 95.800% (9580/10000)

Epoch: 151
train_loss: 0.002, train_acc: 99.972% (49986/50000)
test_loss: 0.181, test_acc: 95.820% (9582/10000)

Epoch: 152
train_loss: 0.003, train_acc: 99.964% (49982/50000)
test_loss: 0.182, test_acc: 95.820% (9582/10000)

Epoch: 153
train_loss: 0.002, train_acc: 99.976% (49988/50000)
test_loss: 0.183, test_acc: 95.750% (9575/10000)

Epoch: 154
train_loss: 0.003, train_acc: 99.974% (49987/50000)
test_loss: 0.182, test_acc: 95.780% (9578/10000)

Epoch: 155
train_loss: 0.003, train_acc: 99.962% (49981/50000)
test_loss: 0.180, test_acc: 95.900% (9590/10000)

Epoch: 156
train_loss: 0.003, train_acc: 99.966% (49983/50000)
test_loss: 0.180, test_acc: 95.780% (9578/10000)

Epoch: 157
train_loss: 0.002, train_acc: 99.970% (49985/50000)
test_loss: 0.182, test_acc: 95.860% (9586/10000)

Epoch: 158
train_loss: 0.002, train_acc: 99.978% (49989/50000)
test_loss: 0.178, test_acc: 95.800% (9580/10000)

Epoch: 159
train_loss: 0.002, train_acc: 99.980% (49990/50000)
test_loss: 0.183, test_acc: 95.750% (9575/10000)

Epoch: 160
train_loss: 0.003, train_acc: 99.960% (49980/50000)
test_loss: 0.182, test_acc: 95.750% (9575/10000)

Epoch: 161
train_loss: 0.003, train_acc: 99.962% (49981/50000)
test_loss: 0.177, test_acc: 95.880% (9588/10000)

Epoch: 162
train_loss: 0.002, train_acc: 99.974% (49987/50000)
test_loss: 0.180, test_acc: 95.770% (9577/10000)

Epoch: 163
train_loss: 0.003, train_acc: 99.938% (49969/50000)
test_loss: 0.187, test_acc: 95.710% (9571/10000)
finished