==> Preparing data..
==> Building model..
using resnet110_cifar
net_parameters_size is 1739113

cycle 0:

Epoch: 0
train_loss: 2.294, train_acc: 15.734% (7867/50000)
test_loss: 2.008, test_acc: 25.770% (2577/10000)

Epoch: 1
train_loss: 1.905, train_acc: 27.300% (13650/50000)
test_loss: 1.731, test_acc: 34.000% (3400/10000)

Epoch: 2
train_loss: 1.716, train_acc: 35.406% (17703/50000)
test_loss: 1.572, test_acc: 41.060% (4106/10000)

Epoch: 3
train_loss: 1.544, train_acc: 42.670% (21335/50000)
test_loss: 1.375, test_acc: 49.100% (4910/10000)

Epoch: 4
train_loss: 1.336, train_acc: 51.338% (25669/50000)
test_loss: 1.266, test_acc: 53.190% (5319/10000)

Epoch: 5
train_loss: 1.148, train_acc: 58.792% (29396/50000)
test_loss: 1.078, test_acc: 61.810% (6181/10000)

Epoch: 6
train_loss: 1.002, train_acc: 64.274% (32137/50000)
test_loss: 0.969, test_acc: 66.130% (6613/10000)

Epoch: 7
train_loss: 0.875, train_acc: 69.150% (34575/50000)
test_loss: 0.939, test_acc: 68.230% (6823/10000)

Epoch: 8
train_loss: 0.773, train_acc: 72.974% (36487/50000)
test_loss: 0.785, test_acc: 73.440% (7344/10000)

Epoch: 9
train_loss: 0.688, train_acc: 76.078% (38039/50000)
test_loss: 0.855, test_acc: 70.400% (7040/10000)

Epoch: 10
train_loss: 0.630, train_acc: 78.494% (39247/50000)
test_loss: 0.622, test_acc: 78.860% (7886/10000)

Epoch: 11
train_loss: 0.576, train_acc: 80.190% (40095/50000)
test_loss: 0.777, test_acc: 74.490% (7449/10000)

Epoch: 12
train_loss: 0.545, train_acc: 81.164% (40582/50000)
test_loss: 0.566, test_acc: 80.730% (8073/10000)

Epoch: 13
train_loss: 0.509, train_acc: 82.308% (41154/50000)
test_loss: 0.496, test_acc: 83.360% (8336/10000)

Epoch: 14
train_loss: 0.473, train_acc: 83.726% (41863/50000)
test_loss: 0.503, test_acc: 83.200% (8320/10000)

Epoch: 15
train_loss: 0.454, train_acc: 84.502% (42251/50000)
test_loss: 0.593, test_acc: 80.430% (8043/10000)

Epoch: 16
train_loss: 0.438, train_acc: 84.884% (42442/50000)
test_loss: 0.557, test_acc: 81.770% (8177/10000)

Epoch: 17
train_loss: 0.416, train_acc: 85.644% (42822/50000)
test_loss: 0.487, test_acc: 83.680% (8368/10000)

Epoch: 18
train_loss: 0.394, train_acc: 86.252% (43126/50000)
test_loss: 0.527, test_acc: 82.570% (8257/10000)

Epoch: 19
train_loss: 0.383, train_acc: 86.814% (43407/50000)
test_loss: 0.442, test_acc: 84.780% (8478/10000)

Epoch: 20
train_loss: 0.374, train_acc: 87.184% (43592/50000)
test_loss: 0.489, test_acc: 84.170% (8417/10000)

Epoch: 21
train_loss: 0.358, train_acc: 87.558% (43779/50000)
test_loss: 0.471, test_acc: 84.490% (8449/10000)

Epoch: 22
train_loss: 0.345, train_acc: 88.248% (44124/50000)
test_loss: 0.463, test_acc: 84.830% (8483/10000)

Epoch: 23
train_loss: 0.339, train_acc: 88.440% (44220/50000)
test_loss: 0.484, test_acc: 84.050% (8405/10000)

Epoch: 24
train_loss: 0.326, train_acc: 88.750% (44375/50000)
test_loss: 0.457, test_acc: 85.400% (8540/10000)

Epoch: 25
train_loss: 0.317, train_acc: 88.946% (44473/50000)
test_loss: 0.530, test_acc: 83.050% (8305/10000)

Epoch: 26
train_loss: 0.303, train_acc: 89.474% (44737/50000)
test_loss: 0.479, test_acc: 84.340% (8434/10000)

Epoch: 27
train_loss: 0.303, train_acc: 89.534% (44767/50000)
test_loss: 0.453, test_acc: 85.510% (8551/10000)

Epoch: 28
train_loss: 0.299, train_acc: 89.594% (44797/50000)
test_loss: 0.426, test_acc: 86.620% (8662/10000)

Epoch: 29
train_loss: 0.290, train_acc: 90.030% (45015/50000)
test_loss: 0.425, test_acc: 86.160% (8616/10000)

Epoch: 30
train_loss: 0.278, train_acc: 90.428% (45214/50000)
test_loss: 0.454, test_acc: 85.940% (8594/10000)

Epoch: 31
train_loss: 0.273, train_acc: 90.384% (45192/50000)
test_loss: 0.512, test_acc: 83.440% (8344/10000)

Epoch: 32
train_loss: 0.273, train_acc: 90.520% (45260/50000)
test_loss: 0.439, test_acc: 85.800% (8580/10000)

Epoch: 33
train_loss: 0.266, train_acc: 90.804% (45402/50000)
test_loss: 0.400, test_acc: 86.920% (8692/10000)

Epoch: 34
train_loss: 0.258, train_acc: 91.150% (45575/50000)
test_loss: 0.428, test_acc: 86.120% (8612/10000)

Epoch: 35
train_loss: 0.255, train_acc: 91.130% (45565/50000)
test_loss: 0.377, test_acc: 87.980% (8798/10000)

Epoch: 36
train_loss: 0.251, train_acc: 91.250% (45625/50000)
test_loss: 0.399, test_acc: 87.610% (8761/10000)

Epoch: 37
train_loss: 0.251, train_acc: 91.366% (45683/50000)
test_loss: 0.474, test_acc: 85.700% (8570/10000)

Epoch: 38
train_loss: 0.240, train_acc: 91.592% (45796/50000)
test_loss: 0.365, test_acc: 88.220% (8822/10000)

Epoch: 39
train_loss: 0.235, train_acc: 91.824% (45912/50000)
test_loss: 0.428, test_acc: 86.480% (8648/10000)

Epoch: 40
train_loss: 0.234, train_acc: 91.892% (45946/50000)
test_loss: 0.493, test_acc: 85.330% (8533/10000)

Epoch: 41
train_loss: 0.231, train_acc: 92.020% (46010/50000)
test_loss: 0.459, test_acc: 85.890% (8589/10000)

Epoch: 42
train_loss: 0.228, train_acc: 92.060% (46030/50000)
test_loss: 0.437, test_acc: 86.200% (8620/10000)

Epoch: 43
train_loss: 0.229, train_acc: 92.040% (46020/50000)
test_loss: 0.416, test_acc: 86.880% (8688/10000)

Epoch: 44
train_loss: 0.223, train_acc: 92.164% (46082/50000)
test_loss: 0.410, test_acc: 86.860% (8686/10000)

Epoch: 45
train_loss: 0.222, train_acc: 92.242% (46121/50000)
test_loss: 0.436, test_acc: 86.350% (8635/10000)

Epoch: 46
train_loss: 0.213, train_acc: 92.554% (46277/50000)
test_loss: 0.391, test_acc: 87.610% (8761/10000)

Epoch: 47
train_loss: 0.215, train_acc: 92.516% (46258/50000)
test_loss: 0.356, test_acc: 88.610% (8861/10000)

Epoch: 48
train_loss: 0.213, train_acc: 92.606% (46303/50000)
test_loss: 0.349, test_acc: 88.180% (8818/10000)

Epoch: 49
train_loss: 0.210, train_acc: 92.724% (46362/50000)
test_loss: 0.366, test_acc: 88.080% (8808/10000)

Epoch: 50
train_loss: 0.202, train_acc: 93.006% (46503/50000)
test_loss: 0.379, test_acc: 87.960% (8796/10000)

Epoch: 51
train_loss: 0.200, train_acc: 92.990% (46495/50000)
test_loss: 0.340, test_acc: 89.150% (8915/10000)

Epoch: 52
train_loss: 0.205, train_acc: 92.862% (46431/50000)
test_loss: 0.355, test_acc: 88.700% (8870/10000)

Epoch: 53
train_loss: 0.192, train_acc: 93.362% (46681/50000)
test_loss: 0.473, test_acc: 86.060% (8606/10000)

Epoch: 54
train_loss: 0.201, train_acc: 92.974% (46487/50000)
test_loss: 0.375, test_acc: 88.660% (8866/10000)

Epoch: 55
train_loss: 0.200, train_acc: 93.006% (46503/50000)
test_loss: 0.364, test_acc: 88.310% (8831/10000)

Epoch: 56
train_loss: 0.200, train_acc: 93.026% (46513/50000)
test_loss: 0.417, test_acc: 86.840% (8684/10000)

Epoch: 57
train_loss: 0.198, train_acc: 93.152% (46576/50000)
test_loss: 0.381, test_acc: 88.630% (8863/10000)

Epoch: 58
train_loss: 0.194, train_acc: 93.204% (46602/50000)
test_loss: 0.396, test_acc: 87.610% (8761/10000)

Epoch: 59
train_loss: 0.192, train_acc: 93.296% (46648/50000)
test_loss: 0.394, test_acc: 87.550% (8755/10000)

Epoch: 60
train_loss: 0.194, train_acc: 93.322% (46661/50000)
test_loss: 0.332, test_acc: 89.390% (8939/10000)

Epoch: 61
train_loss: 0.186, train_acc: 93.518% (46759/50000)
test_loss: 0.352, test_acc: 88.850% (8885/10000)

Epoch: 62
train_loss: 0.183, train_acc: 93.596% (46798/50000)
test_loss: 0.364, test_acc: 88.110% (8811/10000)

Epoch: 63
train_loss: 0.186, train_acc: 93.566% (46783/50000)
test_loss: 0.354, test_acc: 88.940% (8894/10000)

Epoch: 64
train_loss: 0.187, train_acc: 93.444% (46722/50000)
test_loss: 0.346, test_acc: 88.870% (8887/10000)

Epoch: 65
train_loss: 0.178, train_acc: 93.824% (46912/50000)
test_loss: 0.394, test_acc: 87.540% (8754/10000)

Epoch: 66
train_loss: 0.178, train_acc: 93.868% (46934/50000)
test_loss: 0.426, test_acc: 88.130% (8813/10000)

Epoch: 67
train_loss: 0.179, train_acc: 93.844% (46922/50000)
test_loss: 0.390, test_acc: 88.010% (8801/10000)

Epoch: 68
train_loss: 0.181, train_acc: 93.642% (46821/50000)
test_loss: 0.419, test_acc: 87.570% (8757/10000)

Epoch: 69
train_loss: 0.176, train_acc: 93.902% (46951/50000)
test_loss: 0.397, test_acc: 87.910% (8791/10000)

Epoch: 70
train_loss: 0.177, train_acc: 93.850% (46925/50000)
test_loss: 0.433, test_acc: 86.900% (8690/10000)

Epoch: 71
train_loss: 0.174, train_acc: 93.878% (46939/50000)
test_loss: 0.391, test_acc: 88.670% (8867/10000)

Epoch: 72
train_loss: 0.175, train_acc: 93.846% (46923/50000)
test_loss: 0.426, test_acc: 86.630% (8663/10000)

Epoch: 73
train_loss: 0.173, train_acc: 93.952% (46976/50000)
test_loss: 0.442, test_acc: 87.350% (8735/10000)

Epoch: 74
train_loss: 0.174, train_acc: 93.932% (46966/50000)
test_loss: 0.533, test_acc: 85.680% (8568/10000)

Epoch: 75
train_loss: 0.174, train_acc: 93.950% (46975/50000)
test_loss: 0.380, test_acc: 88.160% (8816/10000)

Epoch: 76
train_loss: 0.171, train_acc: 93.978% (46989/50000)
test_loss: 0.432, test_acc: 87.680% (8768/10000)

Epoch: 77
train_loss: 0.173, train_acc: 94.004% (47002/50000)
test_loss: 0.353, test_acc: 88.770% (8877/10000)

Epoch: 78
train_loss: 0.168, train_acc: 94.168% (47084/50000)
test_loss: 0.363, test_acc: 89.160% (8916/10000)

Epoch: 79
train_loss: 0.167, train_acc: 94.308% (47154/50000)
test_loss: 0.417, test_acc: 87.390% (8739/10000)

Epoch: 80
train_loss: 0.165, train_acc: 94.214% (47107/50000)
test_loss: 0.388, test_acc: 88.530% (8853/10000)

Epoch: 81
train_loss: 0.170, train_acc: 94.200% (47100/50000)
test_loss: 0.373, test_acc: 87.950% (8795/10000)

Epoch: 82
train_loss: 0.084, train_acc: 97.172% (48586/50000)
test_loss: 0.223, test_acc: 93.100% (9310/10000)

Epoch: 83
train_loss: 0.056, train_acc: 98.218% (49109/50000)
test_loss: 0.223, test_acc: 93.320% (9332/10000)

Epoch: 84
train_loss: 0.047, train_acc: 98.442% (49221/50000)
test_loss: 0.222, test_acc: 93.550% (9355/10000)

Epoch: 85
train_loss: 0.038, train_acc: 98.786% (49393/50000)
test_loss: 0.230, test_acc: 93.490% (9349/10000)

Epoch: 86
train_loss: 0.035, train_acc: 98.860% (49430/50000)
test_loss: 0.235, test_acc: 93.530% (9353/10000)

Epoch: 87
train_loss: 0.031, train_acc: 99.032% (49516/50000)
test_loss: 0.236, test_acc: 93.600% (9360/10000)

Epoch: 88
train_loss: 0.030, train_acc: 99.074% (49537/50000)
test_loss: 0.241, test_acc: 93.450% (9345/10000)

Epoch: 89
train_loss: 0.026, train_acc: 99.190% (49595/50000)
test_loss: 0.244, test_acc: 93.640% (9364/10000)

Epoch: 90
train_loss: 0.023, train_acc: 99.234% (49617/50000)
test_loss: 0.244, test_acc: 93.790% (9379/10000)

Epoch: 91
train_loss: 0.022, train_acc: 99.328% (49664/50000)
test_loss: 0.250, test_acc: 93.600% (9360/10000)

Epoch: 92
train_loss: 0.020, train_acc: 99.412% (49706/50000)
test_loss: 0.258, test_acc: 93.730% (9373/10000)

Epoch: 93
train_loss: 0.019, train_acc: 99.404% (49702/50000)
test_loss: 0.257, test_acc: 93.720% (9372/10000)

Epoch: 94
train_loss: 0.018, train_acc: 99.456% (49728/50000)
test_loss: 0.260, test_acc: 93.870% (9387/10000)

Epoch: 95
train_loss: 0.017, train_acc: 99.432% (49716/50000)
test_loss: 0.265, test_acc: 93.850% (9385/10000)

Epoch: 96
train_loss: 0.016, train_acc: 99.516% (49758/50000)
test_loss: 0.265, test_acc: 93.770% (9377/10000)

Epoch: 97
train_loss: 0.015, train_acc: 99.544% (49772/50000)
test_loss: 0.264, test_acc: 93.830% (9383/10000)

Epoch: 98
train_loss: 0.014, train_acc: 99.538% (49769/50000)
test_loss: 0.273, test_acc: 93.890% (9389/10000)

Epoch: 99
train_loss: 0.015, train_acc: 99.542% (49771/50000)
test_loss: 0.274, test_acc: 93.810% (9381/10000)

Epoch: 100
train_loss: 0.013, train_acc: 99.610% (49805/50000)
test_loss: 0.286, test_acc: 93.550% (9355/10000)

Epoch: 101
train_loss: 0.013, train_acc: 99.608% (49804/50000)
test_loss: 0.275, test_acc: 93.750% (9375/10000)

Epoch: 102
train_loss: 0.012, train_acc: 99.636% (49818/50000)
test_loss: 0.288, test_acc: 93.640% (9364/10000)

Epoch: 103
train_loss: 0.013, train_acc: 99.588% (49794/50000)
test_loss: 0.281, test_acc: 93.770% (9377/10000)

Epoch: 104
train_loss: 0.012, train_acc: 99.606% (49803/50000)
test_loss: 0.281, test_acc: 93.940% (9394/10000)

Epoch: 105
train_loss: 0.011, train_acc: 99.684% (49842/50000)
test_loss: 0.280, test_acc: 93.960% (9396/10000)

Epoch: 106
train_loss: 0.011, train_acc: 99.674% (49837/50000)
test_loss: 0.279, test_acc: 93.950% (9395/10000)

Epoch: 107
train_loss: 0.010, train_acc: 99.682% (49841/50000)
test_loss: 0.283, test_acc: 93.810% (9381/10000)

Epoch: 108
train_loss: 0.009, train_acc: 99.722% (49861/50000)
test_loss: 0.289, test_acc: 93.810% (9381/10000)

Epoch: 109
train_loss: 0.010, train_acc: 99.718% (49859/50000)
test_loss: 0.291, test_acc: 93.960% (9396/10000)

Epoch: 110
train_loss: 0.009, train_acc: 99.702% (49851/50000)
test_loss: 0.296, test_acc: 93.650% (9365/10000)

Epoch: 111
train_loss: 0.011, train_acc: 99.710% (49855/50000)
test_loss: 0.301, test_acc: 93.580% (9358/10000)

Epoch: 112
train_loss: 0.009, train_acc: 99.770% (49885/50000)
test_loss: 0.299, test_acc: 93.580% (9358/10000)

Epoch: 113
train_loss: 0.009, train_acc: 99.742% (49871/50000)
test_loss: 0.294, test_acc: 93.950% (9395/10000)

Epoch: 114
train_loss: 0.009, train_acc: 99.752% (49876/50000)
test_loss: 0.304, test_acc: 93.530% (9353/10000)

Epoch: 115
train_loss: 0.008, train_acc: 99.774% (49887/50000)
test_loss: 0.308, test_acc: 93.800% (9380/10000)

Epoch: 116
train_loss: 0.010, train_acc: 99.698% (49849/50000)
test_loss: 0.292, test_acc: 93.740% (9374/10000)

Epoch: 117
train_loss: 0.009, train_acc: 99.754% (49877/50000)
test_loss: 0.296, test_acc: 93.760% (9376/10000)

Epoch: 118
train_loss: 0.008, train_acc: 99.784% (49892/50000)
test_loss: 0.314, test_acc: 93.690% (9369/10000)

Epoch: 119
train_loss: 0.008, train_acc: 99.764% (49882/50000)
test_loss: 0.300, test_acc: 93.710% (9371/10000)

Epoch: 120
train_loss: 0.008, train_acc: 99.730% (49865/50000)
test_loss: 0.305, test_acc: 93.600% (9360/10000)

Epoch: 121
train_loss: 0.008, train_acc: 99.780% (49890/50000)
test_loss: 0.303, test_acc: 93.670% (9367/10000)

Epoch: 122
train_loss: 0.008, train_acc: 99.760% (49880/50000)
test_loss: 0.311, test_acc: 93.660% (9366/10000)

Epoch: 123
train_loss: 0.007, train_acc: 99.830% (49915/50000)
test_loss: 0.302, test_acc: 93.790% (9379/10000)

Epoch: 124
train_loss: 0.006, train_acc: 99.812% (49906/50000)
test_loss: 0.305, test_acc: 93.640% (9364/10000)

Epoch: 125
train_loss: 0.005, train_acc: 99.858% (49929/50000)
test_loss: 0.300, test_acc: 93.920% (9392/10000)

Epoch: 126
train_loss: 0.006, train_acc: 99.834% (49917/50000)
test_loss: 0.300, test_acc: 93.890% (9389/10000)

Epoch: 127
train_loss: 0.006, train_acc: 99.860% (49930/50000)
test_loss: 0.302, test_acc: 93.860% (9386/10000)

Epoch: 128
train_loss: 0.005, train_acc: 99.870% (49935/50000)
test_loss: 0.299, test_acc: 93.880% (9388/10000)

Epoch: 129
train_loss: 0.004, train_acc: 99.906% (49953/50000)
test_loss: 0.301, test_acc: 93.940% (9394/10000)

Epoch: 130
train_loss: 0.005, train_acc: 99.884% (49942/50000)
test_loss: 0.299, test_acc: 93.910% (9391/10000)

Epoch: 131
train_loss: 0.005, train_acc: 99.890% (49945/50000)
test_loss: 0.299, test_acc: 93.860% (9386/10000)

Epoch: 132
train_loss: 0.005, train_acc: 99.886% (49943/50000)
test_loss: 0.301, test_acc: 93.890% (9389/10000)

Epoch: 133
train_loss: 0.004, train_acc: 99.910% (49955/50000)
test_loss: 0.301, test_acc: 93.900% (9390/10000)

Epoch: 134
train_loss: 0.004, train_acc: 99.894% (49947/50000)
test_loss: 0.302, test_acc: 93.840% (9384/10000)

Epoch: 135
train_loss: 0.004, train_acc: 99.906% (49953/50000)
test_loss: 0.300, test_acc: 93.800% (9380/10000)

Epoch: 136
train_loss: 0.004, train_acc: 99.892% (49946/50000)
test_loss: 0.300, test_acc: 93.820% (9382/10000)

Epoch: 137
train_loss: 0.004, train_acc: 99.896% (49948/50000)
test_loss: 0.299, test_acc: 93.760% (9376/10000)

Epoch: 138
train_loss: 0.005, train_acc: 99.884% (49942/50000)
test_loss: 0.302, test_acc: 93.940% (9394/10000)

Epoch: 139
train_loss: 0.004, train_acc: 99.902% (49951/50000)
test_loss: 0.299, test_acc: 93.950% (9395/10000)

Epoch: 140
train_loss: 0.005, train_acc: 99.860% (49930/50000)
test_loss: 0.297, test_acc: 93.950% (9395/10000)

Epoch: 141
train_loss: 0.004, train_acc: 99.910% (49955/50000)
test_loss: 0.300, test_acc: 93.920% (9392/10000)

Epoch: 142
train_loss: 0.004, train_acc: 99.902% (49951/50000)
test_loss: 0.303, test_acc: 94.030% (9403/10000)

Epoch: 143
train_loss: 0.004, train_acc: 99.890% (49945/50000)
test_loss: 0.303, test_acc: 93.890% (9389/10000)

Epoch: 144
train_loss: 0.004, train_acc: 99.906% (49953/50000)
test_loss: 0.295, test_acc: 94.070% (9407/10000)

Epoch: 145
train_loss: 0.004, train_acc: 99.874% (49937/50000)
test_loss: 0.300, test_acc: 93.920% (9392/10000)

Epoch: 146
train_loss: 0.004, train_acc: 99.880% (49940/50000)
test_loss: 0.300, test_acc: 94.000% (9400/10000)

Epoch: 147
train_loss: 0.004, train_acc: 99.892% (49946/50000)
test_loss: 0.302, test_acc: 93.870% (9387/10000)

Epoch: 148
train_loss: 0.004, train_acc: 99.916% (49958/50000)
test_loss: 0.300, test_acc: 93.990% (9399/10000)

Epoch: 149
train_loss: 0.004, train_acc: 99.916% (49958/50000)
test_loss: 0.300, test_acc: 94.060% (9406/10000)

Epoch: 150
train_loss: 0.004, train_acc: 99.900% (49950/50000)
test_loss: 0.299, test_acc: 93.990% (9399/10000)

Epoch: 151
train_loss: 0.004, train_acc: 99.914% (49957/50000)
test_loss: 0.301, test_acc: 94.080% (9408/10000)

Epoch: 152
train_loss: 0.004, train_acc: 99.898% (49949/50000)
test_loss: 0.304, test_acc: 93.910% (9391/10000)

Epoch: 153
train_loss: 0.004, train_acc: 99.908% (49954/50000)
test_loss: 0.301, test_acc: 93.980% (9398/10000)

Epoch: 154
train_loss: 0.004, train_acc: 99.926% (49963/50000)
test_loss: 0.301, test_acc: 93.940% (9394/10000)

Epoch: 155
train_loss: 0.003, train_acc: 99.930% (49965/50000)
test_loss: 0.301, test_acc: 93.880% (9388/10000)

Epoch: 156
train_loss: 0.003, train_acc: 99.938% (49969/50000)
test_loss: 0.300, test_acc: 94.010% (9401/10000)

Epoch: 157
train_loss: 0.003, train_acc: 99.928% (49964/50000)
test_loss: 0.300, test_acc: 93.980% (9398/10000)

Epoch: 158
train_loss: 0.004, train_acc: 99.930% (49965/50000)
test_loss: 0.301, test_acc: 94.030% (9403/10000)

Epoch: 159
train_loss: 0.003, train_acc: 99.926% (49963/50000)
test_loss: 0.303, test_acc: 94.040% (9404/10000)

Epoch: 160
train_loss: 0.004, train_acc: 99.918% (49959/50000)
test_loss: 0.303, test_acc: 94.060% (9406/10000)

Epoch: 161
train_loss: 0.003, train_acc: 99.932% (49966/50000)
test_loss: 0.305, test_acc: 94.020% (9402/10000)

Epoch: 162
train_loss: 0.004, train_acc: 99.922% (49961/50000)
test_loss: 0.316, test_acc: 93.820% (9382/10000)

Epoch: 163
train_loss: 0.004, train_acc: 99.920% (49960/50000)
test_loss: 0.306, test_acc: 93.910% (9391/10000)
finished