==> Preparing data..
==> Resuming from checkpoint..
resumed from the acc: 89.792, net_parameters_size is 8520986

cycle 0:

Epoch: 99
train_loss: 1.403, top-1: 67.146%, top-5: 86.165%
test_loss: 1.198, top-1: 70.150%, top-5: 89.724%

Epoch: 100
train_loss: 1.403, top-1: 67.187%, top-5: 86.149%
test_loss: 1.194, top-1: 70.248%, top-5: 89.822%

Epoch: 101
train_loss: 1.402, top-1: 67.195%, top-5: 86.163%
test_loss: 1.201, top-1: 70.056%, top-5: 89.622%

Epoch: 102
train_loss: 1.401, top-1: 67.214%, top-5: 86.189%
test_loss: 1.190, top-1: 70.354%, top-5: 89.912%

Epoch: 103
train_loss: 1.398, top-1: 67.252%, top-5: 86.250%
test_loss: 1.190, top-1: 70.288%, top-5: 89.876%

Epoch: 104
train_loss: 1.396, top-1: 67.325%, top-5: 86.276%
test_loss: 1.188, top-1: 70.428%, top-5: 89.918%

Epoch: 105
train_loss: 1.397, top-1: 67.331%, top-5: 86.242%
test_loss: 1.188, top-1: 70.404%, top-5: 89.920%

Epoch: 106
==> Preparing data..
==> Resuming from checkpoint..
resumed from the acc: 89.792, net_parameters_size is 8520986

cycle 0:

Epoch: 99
train_loss: 1.406, top-1: 67.169%, top-5: 86.125%
test_loss: 1.198, top-1: 70.264%, top-5: 89.752%

Epoch: 100
train_loss: 1.404, top-1: 67.205%, top-5: 86.139%
test_loss: 1.198, top-1: 70.222%, top-5: 89.716%

Epoch: 101
train_loss: 1.402, top-1: 67.255%, top-5: 86.155%
test_loss: 1.194, top-1: 70.254%, top-5: 89.810%

Epoch: 102
train_loss: 1.400, top-1: 67.220%, top-5: 86.257%
test_loss: 1.194, top-1: 70.354%, top-5: 89.842%

Epoch: 103
