==> Preparing data..
==> Building model..
using resnet_fm50_imagenet
net_parameters_size is 8467813

cycle 0:

Epoch: 0
train_loss: 5.720, top-1: 5.013%, top-5: 13.898%
==> Preparing data..
==> Building model..
using resnet_fm50_imagenet
net_parameters_size is 8467813

cycle 0:

Epoch: 0
train_loss: 5.857, top-1: 4.154%, top-5: 11.933%
test_loss: 5.167, top-1: 8.154%, top-5: 22.080%

Epoch: 1
train_loss: 4.250, top-1: 17.904%, top-5: 38.444%
test_loss: 4.611, top-1: 14.458%, top-5: 32.612%

Epoch: 2
train_loss: 3.699, top-1: 25.440%, top-5: 48.985%
test_loss: 3.618, top-1: 25.984%, top-5: 50.438%

Epoch: 3
train_loss: 3.471, top-1: 28.902%, top-5: 53.268%
test_loss: 3.483, top-1: 28.128%, top-5: 53.516%

Epoch: 4
train_loss: 3.346, top-1: 30.840%, top-5: 55.526%
test_loss: 3.205, top-1: 31.730%, top-5: 58.072%

Epoch: 5
train_loss: 3.269, top-1: 32.119%, top-5: 56.907%
test_loss: 3.151, top-1: 33.138%, top-5: 59.148%

Epoch: 6
train_loss: 3.215, top-1: 33.029%, top-5: 57.910%
test_loss: 3.131, top-1: 33.052%, top-5: 59.654%

Epoch: 7
==> Preparing data..
==> Building model..
loading from last saved model, start_epoch : 6, start_cycle : 0
net_parameters_size is 8467813

cycle 0:

Epoch: 6
train_loss: 3.176, top-1: 33.613%, top-5: 58.603%
test_loss: 3.077, top-1: 34.404%, top-5: 60.588%

Epoch: 7
train_loss: 3.145, top-1: 34.128%, top-5: 59.186%
test_loss: 4.312, top-1: 20.864%, top-5: 42.680%

Epoch: 8
train_loss: 3.122, top-1: 34.503%, top-5: 59.609%
test_loss: 3.047, top-1: 34.342%, top-5: 61.128%

Epoch: 9
train_loss: 3.104, top-1: 34.898%, top-5: 59.925%
test_loss: 3.322, top-1: 30.910%, top-5: 56.386%

Epoch: 10
train_loss: 3.091, top-1: 35.004%, top-5: 60.152%
test_loss: 3.171, top-1: 33.060%, top-5: 59.160%

Epoch: 11
train_loss: 3.073, top-1: 35.380%, top-5: 60.432%
test_loss: 2.976, top-1: 35.678%, top-5: 62.340%

Epoch: 12
train_loss: 3.063, top-1: 35.521%, top-5: 60.622%
test_loss: 2.865, top-1: 37.380%, top-5: 64.424%

Epoch: 13
==> Preparing data..
==> Building model..
loading from last saved model, start_epoch : 12, start_cycle : 0
net_parameters_size is 8467813

cycle 0:

Epoch: 12
train_loss: 3.051, top-1: 35.672%, top-5: 60.866%
test_loss: 3.095, top-1: 34.346%, top-5: 60.806%

Epoch: 13
train_loss: 3.043, top-1: 35.894%, top-5: 60.982%
test_loss: 3.035, top-1: 35.162%, top-5: 61.648%

Epoch: 14
train_loss: 3.034, top-1: 36.074%, top-5: 61.127%
test_loss: 2.900, top-1: 36.940%, top-5: 63.886%

Epoch: 15
train_loss: 3.026, top-1: 36.103%, top-5: 61.288%
test_loss: 2.867, top-1: 37.336%, top-5: 64.360%

Epoch: 16
train_loss: 3.023, top-1: 36.203%, top-5: 61.330%
test_loss: 3.296, top-1: 31.510%, top-5: 57.168%

Epoch: 17
train_loss: 3.016, top-1: 36.328%, top-5: 61.457%
test_loss: 2.958, top-1: 36.374%, top-5: 63.030%

Epoch: 18
train_loss: 3.010, top-1: 36.397%, top-5: 61.558%
test_loss: 2.935, top-1: 36.706%, top-5: 63.254%

Epoch: 19
train_loss: 3.007, top-1: 36.433%, top-5: 61.629%
test_loss: 2.714, top-1: 39.594%, top-5: 66.806%

Epoch: 20
==> Preparing data..
==> Building model..
loading from last saved model, start_epoch : 19, start_cycle : 0
net_parameters_size is 8467813

cycle 0:

Epoch: 19
train_loss: 3.002, top-1: 36.545%, top-5: 61.711%
test_loss: 3.123, top-1: 34.052%, top-5: 60.008%

Epoch: 20
train_loss: 2.998, top-1: 36.545%, top-5: 61.785%
test_loss: 2.842, top-1: 37.826%, top-5: 64.424%

Epoch: 21
train_loss: 2.998, top-1: 36.613%, top-5: 61.802%
test_loss: 3.071, top-1: 34.392%, top-5: 60.820%

Epoch: 22
train_loss: 2.991, top-1: 36.723%, top-5: 61.916%
test_loss: 3.433, top-1: 30.682%, top-5: 55.986%

Epoch: 23
train_loss: 2.992, top-1: 36.728%, top-5: 61.894%
test_loss: 2.872, top-1: 37.904%, top-5: 64.388%

Epoch: 24
train_loss: 2.987, top-1: 36.789%, top-5: 61.978%
test_loss: 2.895, top-1: 37.236%, top-5: 64.254%

Epoch: 25
train_loss: 2.983, top-1: 36.856%, top-5: 62.034%
test_loss: 2.956, top-1: 36.608%, top-5: 63.054%

Epoch: 26
==> Preparing data..
==> Building model..
loading from last saved model, start_epoch : 25, start_cycle : 0
net_parameters_size is 8467813

cycle 0:

Epoch: 25
train_loss: 2.979, top-1: 36.909%, top-5: 62.121%
test_loss: 3.293, top-1: 31.768%, top-5: 57.370%

Epoch: 26
train_loss: 2.979, top-1: 36.987%, top-5: 62.156%
test_loss: 2.782, top-1: 38.618%, top-5: 66.266%

Epoch: 27
train_loss: 2.979, top-1: 36.949%, top-5: 62.099%
test_loss: 2.759, top-1: 39.256%, top-5: 66.138%

Epoch: 28
train_loss: 2.976, top-1: 36.998%, top-5: 62.142%
test_loss: 2.730, top-1: 39.932%, top-5: 66.646%

Epoch: 29
train_loss: 2.968, top-1: 37.073%, top-5: 62.286%
test_loss: 2.934, top-1: 37.002%, top-5: 63.622%

Epoch: 30
train_loss: 2.287, top-1: 49.622%, top-5: 73.284%
test_loss: 1.820, top-1: 56.812%, top-5: 81.150%

Epoch: 31
train_loss: 2.141, top-1: 52.279%, top-5: 75.550%
test_loss: 1.758, top-1: 57.960%, top-5: 82.110%

Epoch: 32
==> Preparing data..
==> Building model..
loading from last saved model, start_epoch : 31, start_cycle : 0
net_parameters_size is 8467813

cycle 0:

Epoch: 31
train_loss: 2.101, top-1: 53.032%, top-5: 76.179%
test_loss: 1.718, top-1: 59.208%, top-5: 82.612%

Epoch: 32
train_loss: 2.083, top-1: 53.360%, top-5: 76.480%
test_loss: 1.711, top-1: 59.154%, top-5: 82.682%

Epoch: 33
train_loss: 2.077, top-1: 53.438%, top-5: 76.573%
test_loss: 1.770, top-1: 57.542%, top-5: 81.940%

Epoch: 34
train_loss: 2.079, top-1: 53.387%, top-5: 76.520%
test_loss: 1.733, top-1: 58.516%, top-5: 82.424%

Epoch: 35
train_loss: 2.081, top-1: 53.355%, top-5: 76.518%
test_loss: 1.744, top-1: 58.322%, top-5: 82.416%

Epoch: 36
train_loss: 2.080, top-1: 53.312%, top-5: 76.574%
test_loss: 1.790, top-1: 57.590%, top-5: 81.616%

Epoch: 37
train_loss: 2.082, top-1: 53.306%, top-5: 76.468%
test_loss: 1.731, top-1: 58.818%, top-5: 82.392%

Epoch: 38
==> Preparing data..
==> Building model..
loading from last saved model, start_epoch : 37, start_cycle : 0
net_parameters_size is 8467813

cycle 0:

Epoch: 37
train_loss: 2.079, top-1: 53.334%, top-5: 76.557%
test_loss: 1.956, top-1: 54.462%, top-5: 79.280%

Epoch: 38
train_loss: 2.078, top-1: 53.401%, top-5: 76.575%
test_loss: 1.821, top-1: 56.924%, top-5: 81.478%

Epoch: 39
train_loss: 2.077, top-1: 53.417%, top-5: 76.555%
test_loss: 1.711, top-1: 59.042%, top-5: 82.922%

Epoch: 40
train_loss: 2.069, top-1: 53.584%, top-5: 76.741%
test_loss: 1.738, top-1: 58.778%, top-5: 82.376%

Epoch: 41
train_loss: 2.068, top-1: 53.580%, top-5: 76.721%
test_loss: 1.711, top-1: 59.310%, top-5: 82.772%

Epoch: 42
train_loss: 2.063, top-1: 53.648%, top-5: 76.778%
test_loss: 1.775, top-1: 57.922%, top-5: 81.748%

Epoch: 43
train_loss: 2.058, top-1: 53.718%, top-5: 76.898%
test_loss: 1.793, top-1: 57.654%, top-5: 81.476%

Epoch: 44
==> Preparing data..
==> Building model..
loading from last saved model, start_epoch : 43, start_cycle : 0
net_parameters_size is 8467813

cycle 0:

Epoch: 43
train_loss: 2.056, top-1: 53.783%, top-5: 76.890%
test_loss: 1.710, top-1: 58.970%, top-5: 82.790%

Epoch: 44
train_loss: 2.048, top-1: 53.935%, top-5: 77.036%
test_loss: 1.720, top-1: 58.964%, top-5: 82.766%

Epoch: 45
train_loss: 2.045, top-1: 53.996%, top-5: 77.085%
test_loss: 1.890, top-1: 55.580%, top-5: 80.214%

Epoch: 46
train_loss: 2.045, top-1: 54.039%, top-5: 77.040%
test_loss: 1.818, top-1: 57.032%, top-5: 81.110%

Epoch: 47
train_loss: 2.039, top-1: 54.023%, top-5: 77.188%
test_loss: 1.781, top-1: 57.860%, top-5: 81.742%

Epoch: 48
train_loss: 2.036, top-1: 54.093%, top-5: 77.228%
test_loss: 1.760, top-1: 58.310%, top-5: 82.098%

Epoch: 49
train_loss: 2.035, top-1: 54.173%, top-5: 77.260%
test_loss: 1.788, top-1: 57.612%, top-5: 81.656%

Epoch: 50
==> Preparing data..
==> Building model..
loading from last saved model, start_epoch : 49, start_cycle : 0
net_parameters_size is 8467813

cycle 0:

Epoch: 49
train_loss: 2.030, top-1: 54.302%, top-5: 77.334%
test_loss: 1.694, top-1: 59.556%, top-5: 83.096%

Epoch: 50
train_loss: 2.027, top-1: 54.331%, top-5: 77.368%
test_loss: 1.882, top-1: 55.840%, top-5: 79.978%

Epoch: 51
train_loss: 2.026, top-1: 54.357%, top-5: 77.360%
test_loss: 1.676, top-1: 60.056%, top-5: 83.320%

Epoch: 52
train_loss: 2.022, top-1: 54.428%, top-5: 77.466%
test_loss: 1.726, top-1: 58.826%, top-5: 82.510%

Epoch: 53
train_loss: 2.022, top-1: 54.407%, top-5: 77.405%
test_loss: 1.684, top-1: 59.850%, top-5: 83.256%

Epoch: 54
train_loss: 2.016, top-1: 54.478%, top-5: 77.527%
test_loss: 1.785, top-1: 57.570%, top-5: 81.718%

Epoch: 55
train_loss: 2.015, top-1: 54.625%, top-5: 77.529%
test_loss: 1.745, top-1: 58.376%, top-5: 82.278%

Epoch: 56
==> Preparing data..
==> Building model..
loading from last saved model, start_epoch : 55, start_cycle : 0
net_parameters_size is 8467813

cycle 0:

Epoch: 55
train_loss: 2.012, top-1: 54.639%, top-5: 77.592%
test_loss: 1.623, top-1: 61.046%, top-5: 84.154%

Epoch: 56
train_loss: 2.013, top-1: 54.590%, top-5: 77.558%
test_loss: 1.690, top-1: 59.734%, top-5: 83.206%

Epoch: 57
train_loss: 2.010, top-1: 54.678%, top-5: 77.620%
test_loss: 1.717, top-1: 59.116%, top-5: 82.694%

Epoch: 58
train_loss: 2.007, top-1: 54.727%, top-5: 77.661%
test_loss: 1.709, top-1: 59.270%, top-5: 82.936%

Epoch: 59
train_loss: 2.006, top-1: 54.725%, top-5: 77.663%
test_loss: 1.607, top-1: 61.462%, top-5: 84.350%

Epoch: 60
train_loss: 1.737, top-1: 60.333%, top-5: 81.550%
test_loss: 1.375, top-1: 66.326%, top-5: 87.544%

Epoch: 61
train_loss: 1.675, top-1: 61.616%, top-5: 82.460%
test_loss: 1.343, top-1: 66.876%, top-5: 87.956%

Epoch: 62
==> Preparing data..
==> Building model..
loading from last saved model, start_epoch : 61, start_cycle : 0
net_parameters_size is 8467813

cycle 0:

Epoch: 61
train_loss: 1.649, top-1: 62.142%, top-5: 82.769%
test_loss: 1.332, top-1: 67.382%, top-5: 88.114%

Epoch: 62
train_loss: 1.631, top-1: 62.476%, top-5: 83.053%
test_loss: 1.319, top-1: 67.604%, top-5: 88.210%

Epoch: 63
train_loss: 1.616, top-1: 62.778%, top-5: 83.297%
test_loss: 1.307, top-1: 67.874%, top-5: 88.336%

Epoch: 64
train_loss: 1.605, top-1: 63.036%, top-5: 83.394%
test_loss: 1.301, top-1: 67.988%, top-5: 88.472%

Epoch: 65
train_loss: 1.592, top-1: 63.245%, top-5: 83.618%
test_loss: 1.298, top-1: 68.056%, top-5: 88.500%

Epoch: 66
train_loss: 1.586, top-1: 63.356%, top-5: 83.675%
test_loss: 1.292, top-1: 68.260%, top-5: 88.556%

Epoch: 67
train_loss: 1.577, top-1: 63.562%, top-5: 83.800%
test_loss: 1.295, top-1: 68.198%, top-5: 88.504%

Epoch: 68
train_loss: 1.575, top-1: 63.603%, top-5: 83.848%
test_loss: 1.285, top-1: 68.410%, top-5: 88.562%

Epoch: 69
==> Preparing data..
==> Building model..
loading from last saved model, start_epoch : 68, start_cycle : 0
net_parameters_size is 8467813

cycle 0:

Epoch: 68
train_loss: 1.566, top-1: 63.800%, top-5: 83.988%
test_loss: 1.295, top-1: 68.040%, top-5: 88.534%

Epoch: 69
train_loss: 1.562, top-1: 63.834%, top-5: 84.009%
test_loss: 1.273, top-1: 68.616%, top-5: 88.800%

Epoch: 70
train_loss: 1.558, top-1: 63.913%, top-5: 84.063%
test_loss: 1.275, top-1: 68.638%, top-5: 88.670%

Epoch: 71
train_loss: 1.552, top-1: 64.040%, top-5: 84.140%
test_loss: 1.286, top-1: 68.406%, top-5: 88.544%

Epoch: 72
train_loss: 1.548, top-1: 64.140%, top-5: 84.161%
test_loss: 1.266, top-1: 68.964%, top-5: 88.880%

Epoch: 73
train_loss: 1.545, top-1: 64.186%, top-5: 84.238%
test_loss: 1.276, top-1: 68.634%, top-5: 88.692%

Epoch: 74
train_loss: 1.541, top-1: 64.251%, top-5: 84.281%
test_loss: 1.275, top-1: 68.578%, top-5: 88.836%

Epoch: 75
train_loss: 1.537, top-1: 64.329%, top-5: 84.379%
test_loss: 1.272, top-1: 68.494%, top-5: 88.782%

Epoch: 76
==> Preparing data..
==> Building model..
==> Preparing data..
==> Building model..
==> Preparing data..
==> Building model..
==> Preparing data..
==> Building model..
==> Preparing data..
==> Building model..
==> Preparing data..
==> Building model..
==> Preparing data..
==> Building model..
==> Preparing data..
==> Building model..
==> Preparing data..
==> Building model..
==> Preparing data..
==> Building model..
==> Preparing data..
==> Building model..
==> Preparing data..
==> Building model..
==> Preparing data..
==> Building model..
==> Preparing data..
==> Building model..
==> Preparing data..
==> Building model..
==> Preparing data..
==> Building model..
==> Preparing data..
==> Building model..
==> Preparing data..
==> Building model..
==> Preparing data..
==> Building model..
==> Preparing data..
==> Building model..
==> Preparing data..
==> Building model..
==> Preparing data..
==> Building model..
==> Preparing data..
==> Building model..
==> Preparing data..
==> Building model..
==> Preparing data..
==> Building model..
==> Preparing data..
==> Building model..
==> Preparing data..
==> Building model..
==> Preparing data..
==> Building model..
==> Preparing data..
==> Building model..
==> Preparing data..
==> Building model..
==> Preparing data..
==> Building model..
==> Preparing data..
==> Building model..
==> Preparing data..
==> Building model..
==> Preparing data..
==> Building model..
==> Preparing data..
==> Building model..
==> Preparing data..
==> Building model..
==> Preparing data..
==> Building model..
==> Preparing data..
==> Building model..
==> Preparing data..
==> Building model..
==> Preparing data..
==> Building model..
==> Preparing data..
==> Building model..
==> Preparing data..
==> Building model..
==> Preparing data..
==> Building model..
==> Preparing data..
==> Building model..
==> Preparing data..
==> Building model..
==> Preparing data..
==> Building model..
==> Preparing data..
==> Building model..
==> Preparing data..
==> Building model..
==> Preparing data..
==> Building model..
==> Preparing data..
==> Building model..
==> Preparing data..
==> Building model..
loading from last saved model, start_epoch : 75, start_cycle : 0
net_parameters_size is 8467813

cycle 0:

Epoch: 75
==> Preparing data..
==> Building model..
loading from last saved model, start_epoch : 75, start_cycle : 0
net_parameters_size is 8467813

cycle 0:

Epoch: 75
train_loss: 1.536, top-1: 64.387%, top-5: 84.331%
test_loss: 1.271, top-1: 68.764%, top-5: 88.818%

Epoch: 76
train_loss: 1.534, top-1: 64.384%, top-5: 84.425%
test_loss: 1.275, top-1: 68.486%, top-5: 88.834%

Epoch: 77
train_loss: 1.531, top-1: 64.476%, top-5: 84.434%
test_loss: 1.267, top-1: 68.732%, top-5: 88.916%

Epoch: 78
train_loss: 1.530, top-1: 64.474%, top-5: 84.462%
test_loss: 1.281, top-1: 68.258%, top-5: 88.606%

Epoch: 79
train_loss: 1.528, top-1: 64.504%, top-5: 84.483%
test_loss: 1.257, top-1: 68.990%, top-5: 89.058%

Epoch: 80
train_loss: 1.525, top-1: 64.542%, top-5: 84.517%
test_loss: 1.266, top-1: 68.752%, top-5: 88.842%

Epoch: 81
train_loss: 1.523, top-1: 64.598%, top-5: 84.553%
test_loss: 1.266, top-1: 68.710%, top-5: 88.890%

Epoch: 82
train_loss: 1.524, top-1: 64.628%, top-5: 84.535%
test_loss: 1.276, top-1: 68.656%, top-5: 88.812%

Epoch: 83
==> Preparing data..
==> Building model..
loading from last saved model, start_epoch : 82, start_cycle : 0
net_parameters_size is 8467813

cycle 0:

Epoch: 82
train_loss: 1.519, top-1: 64.742%, top-5: 84.596%
test_loss: 1.255, top-1: 69.012%, top-5: 89.170%

Epoch: 83
train_loss: 1.518, top-1: 64.698%, top-5: 84.630%
test_loss: 1.300, top-1: 68.106%, top-5: 88.406%

Epoch: 84
train_loss: 1.516, top-1: 64.734%, top-5: 84.664%
test_loss: 1.272, top-1: 68.632%, top-5: 88.766%

Epoch: 85
train_loss: 1.518, top-1: 64.728%, top-5: 84.649%
test_loss: 1.264, top-1: 68.834%, top-5: 88.802%

Epoch: 86
train_loss: 1.515, top-1: 64.760%, top-5: 84.659%
test_loss: 1.290, top-1: 68.130%, top-5: 88.600%

Epoch: 87
train_loss: 1.515, top-1: 64.754%, top-5: 84.651%
test_loss: 1.251, top-1: 69.062%, top-5: 89.020%

Epoch: 88
train_loss: 1.514, top-1: 64.789%, top-5: 84.668%
test_loss: 1.268, top-1: 68.522%, top-5: 88.806%

Epoch: 89
==> Preparing data..
==> Building model..
loading from last saved model, start_epoch : 88, start_cycle : 0
net_parameters_size is 8467813

cycle 0:

Epoch: 88
train_loss: 1.512, top-1: 64.815%, top-5: 84.705%
test_loss: 1.267, top-1: 68.604%, top-5: 88.852%

Epoch: 89
train_loss: 1.511, top-1: 64.829%, top-5: 84.749%
test_loss: 1.265, top-1: 68.716%, top-5: 88.936%

Epoch: 90
train_loss: 1.450, top-1: 66.143%, top-5: 85.543%
test_loss: 1.207, top-1: 70.008%, top-5: 89.666%

Epoch: 91
train_loss: 1.433, top-1: 66.551%, top-5: 85.764%
test_loss: 1.208, top-1: 69.924%, top-5: 89.562%

Epoch: 92
train_loss: 1.425, top-1: 66.717%, top-5: 85.877%
test_loss: 1.208, top-1: 69.896%, top-5: 89.598%

Epoch: 93
train_loss: 1.421, top-1: 66.798%, top-5: 85.920%
test_loss: 1.199, top-1: 70.184%, top-5: 89.688%

Epoch: 94
train_loss: 1.417, top-1: 66.929%, top-5: 86.007%
test_loss: 1.196, top-1: 70.218%, top-5: 89.728%

Epoch: 95
==> Preparing data..
==> Building model..
loading from last saved model, start_epoch : 94, start_cycle : 0
net_parameters_size is 8467813

cycle 0:

Epoch: 94
train_loss: 1.415, top-1: 66.947%, top-5: 86.019%
test_loss: 1.197, top-1: 70.182%, top-5: 89.794%

Epoch: 95
train_loss: 1.414, top-1: 66.921%, top-5: 86.046%
test_loss: 1.198, top-1: 70.198%, top-5: 89.690%

Epoch: 96
train_loss: 1.411, top-1: 67.003%, top-5: 86.049%
test_loss: 1.201, top-1: 70.024%, top-5: 89.714%

Epoch: 97
train_loss: 1.408, top-1: 67.050%, top-5: 86.082%
test_loss: 1.191, top-1: 70.280%, top-5: 89.840%

Epoch: 98
train_loss: 1.406, top-1: 67.066%, top-5: 86.119%
test_loss: 1.197, top-1: 70.258%, top-5: 89.730%

Epoch: 99
train_loss: 1.406, top-1: 67.110%, top-5: 86.149%
test_loss: 1.194, top-1: 70.364%, top-5: 89.792%
cycle 1:

Epoch: 0
train_loss: 3.893, top-1: 24.183%, top-5: 45.692%
test_loss: 2.898, top-1: 37.022%, top-5: 63.968%

Epoch: 1
train_loss: 3.078, top-1: 35.252%, top-5: 60.407%
test_loss: 2.864, top-1: 37.766%, top-5: 65.038%

Epoch: 2
==> Preparing data..
==> Building model..
loading from last saved model, start_epoch : 1, start_cycle : 1
net_parameters_size is 8467813

cycle 1:

Epoch: 1
train_loss: 3.013, top-1: 36.366%, top-5: 61.547%
test_loss: 2.724, top-1: 39.842%, top-5: 66.810%

Epoch: 2
train_loss: 2.992, top-1: 36.705%, top-5: 61.890%
test_loss: 2.679, top-1: 40.954%, top-5: 68.002%

Epoch: 3
train_loss: 2.984, top-1: 36.851%, top-5: 62.050%
test_loss: 2.722, top-1: 39.692%, top-5: 66.768%

Epoch: 4
train_loss: 2.977, top-1: 36.985%, top-5: 62.150%
test_loss: 2.918, top-1: 36.268%, top-5: 63.650%

Epoch: 5
train_loss: 2.974, top-1: 37.007%, top-5: 62.203%
test_loss: 2.729, top-1: 39.362%, top-5: 66.932%

Epoch: 6
train_loss: 2.972, top-1: 37.072%, top-5: 62.225%
test_loss: 2.849, top-1: 38.360%, top-5: 64.794%

Epoch: 7
train_loss: 2.970, top-1: 37.136%, top-5: 62.277%
test_loss: 2.731, top-1: 40.062%, top-5: 66.818%

Epoch: 8
train_loss: 2.968, top-1: 37.140%, top-5: 62.379%
test_loss: 2.673, top-1: 40.820%, top-5: 67.780%

Epoch: 9
==> Preparing data..
==> Preparing data..
==> Resuming from checkpoint..
resumed from the acc: 67.780, net_parameters_size is 8467813

cycle 1:

Epoch: 8
train_loss: 2.961, top-1: 37.308%, top-5: 62.388%
test_loss: 2.637, top-1: 41.246%, top-5: 68.542%

Epoch: 9
train_loss: 2.960, top-1: 37.266%, top-5: 62.413%
test_loss: 2.697, top-1: 40.332%, top-5: 67.410%

Epoch: 10
train_loss: 2.960, top-1: 37.287%, top-5: 62.434%
test_loss: 2.638, top-1: 41.284%, top-5: 68.390%

Epoch: 11
train_loss: 2.959, top-1: 37.307%, top-5: 62.472%
test_loss: 2.670, top-1: 40.862%, top-5: 67.934%

Epoch: 12
train_loss: 2.959, top-1: 37.316%, top-5: 62.467%
test_loss: 2.659, top-1: 40.810%, top-5: 67.772%

Epoch: 13
train_loss: 2.955, top-1: 37.353%, top-5: 62.542%
test_loss: 2.604, top-1: 41.960%, top-5: 69.112%

Epoch: 14
train_loss: 2.954, top-1: 37.331%, top-5: 62.523%
test_loss: 2.938, top-1: 36.706%, top-5: 63.228%

Epoch: 15
==> Preparing data..
==> Resuming from checkpoint..
resumed from the acc: 63.228, net_parameters_size is 8520986

cycle 1:

Epoch: 14
train_loss: 2.950, top-1: 37.494%, top-5: 62.601%
test_loss: 2.696, top-1: 40.762%, top-5: 67.666%

Epoch: 15
train_loss: 2.954, top-1: 37.359%, top-5: 62.536%
test_loss: 2.770, top-1: 39.408%, top-5: 66.162%

Epoch: 16
train_loss: 2.955, top-1: 37.330%, top-5: 62.573%
test_loss: 2.769, top-1: 39.332%, top-5: 66.314%

Epoch: 17
train_loss: 2.951, top-1: 37.423%, top-5: 62.621%
test_loss: 2.730, top-1: 39.912%, top-5: 66.666%

Epoch: 18
train_loss: 2.950, top-1: 37.415%, top-5: 62.680%
test_loss: 2.807, top-1: 39.236%, top-5: 65.898%

Epoch: 19
train_loss: 2.948, top-1: 37.452%, top-5: 62.679%
test_loss: 2.602, top-1: 41.608%, top-5: 69.054%

Epoch: 20
train_loss: 2.948, top-1: 37.483%, top-5: 62.633%
test_loss: 2.690, top-1: 40.702%, top-5: 67.898%

Epoch: 21
==> Preparing data..
==> Resuming from checkpoint..
resumed from the acc: 67.898, net_parameters_size is 8520986

cycle 1:

Epoch: 20
train_loss: 2.946, top-1: 37.506%, top-5: 62.718%
test_loss: 2.729, top-1: 40.244%, top-5: 67.354%

Epoch: 21
train_loss: 2.948, top-1: 37.523%, top-5: 62.685%
test_loss: 2.664, top-1: 40.946%, top-5: 67.888%

Epoch: 22
train_loss: 2.947, top-1: 37.520%, top-5: 62.678%
test_loss: 2.671, top-1: 40.924%, top-5: 68.150%

Epoch: 23
train_loss: 2.946, top-1: 37.538%, top-5: 62.714%
test_loss: 2.630, top-1: 41.628%, top-5: 68.738%

Epoch: 24
train_loss: 2.944, top-1: 37.502%, top-5: 62.737%
test_loss: 2.635, top-1: 41.106%, top-5: 68.290%

Epoch: 25
train_loss: 2.942, top-1: 37.574%, top-5: 62.752%
test_loss: 2.948, top-1: 36.444%, top-5: 63.018%

Epoch: 26
train_loss: 2.943, top-1: 37.547%, top-5: 62.745%
test_loss: 2.906, top-1: 37.106%, top-5: 63.728%

Epoch: 27
==> Preparing data..
==> Resuming from checkpoint..
resumed from the acc: 63.728, net_parameters_size is 8520986

cycle 1:

Epoch: 26
train_loss: 2.943, top-1: 37.591%, top-5: 62.768%
test_loss: 2.767, top-1: 39.160%, top-5: 66.364%

Epoch: 27
train_loss: 2.943, top-1: 37.530%, top-5: 62.730%
test_loss: 2.715, top-1: 40.146%, top-5: 66.960%

Epoch: 28
train_loss: 2.945, top-1: 37.572%, top-5: 62.690%
test_loss: 2.546, top-1: 42.608%, top-5: 70.070%

Epoch: 29
train_loss: 2.940, top-1: 37.596%, top-5: 62.833%
test_loss: 2.753, top-1: 39.682%, top-5: 66.618%

Epoch: 30
train_loss: 2.259, top-1: 50.207%, top-5: 73.690%
test_loss: 1.737, top-1: 58.734%, top-5: 82.426%

Epoch: 31
train_loss: 2.116, top-1: 52.789%, top-5: 75.926%
test_loss: 1.695, top-1: 59.586%, top-5: 83.014%

Epoch: 32
train_loss: 2.078, top-1: 53.485%, top-5: 76.530%
test_loss: 1.669, top-1: 59.928%, top-5: 83.472%

Epoch: 33
==> Preparing data..
==> Resuming from checkpoint..
resumed from the acc: 83.472, net_parameters_size is 8520986

cycle 1:

Epoch: 32
train_loss: 2.059, top-1: 53.783%, top-5: 76.834%
test_loss: 1.667, top-1: 60.304%, top-5: 83.488%

Epoch: 33
train_loss: 2.055, top-1: 53.888%, top-5: 76.900%
test_loss: 1.661, top-1: 60.296%, top-5: 83.658%

Epoch: 34
train_loss: 2.058, top-1: 53.824%, top-5: 76.854%
test_loss: 1.699, top-1: 59.518%, top-5: 83.102%

Epoch: 35
train_loss: 2.056, top-1: 53.809%, top-5: 76.909%
test_loss: 1.734, top-1: 58.550%, top-5: 82.466%

Epoch: 36
train_loss: 2.061, top-1: 53.732%, top-5: 76.833%
test_loss: 1.692, top-1: 59.538%, top-5: 83.030%

Epoch: 37
train_loss: 2.061, top-1: 53.705%, top-5: 76.819%
test_loss: 1.684, top-1: 59.750%, top-5: 83.278%

Epoch: 38
train_loss: 2.061, top-1: 53.746%, top-5: 76.817%
test_loss: 1.683, top-1: 59.778%, top-5: 83.384%

Epoch: 39
==> Preparing data..
==> Resuming from checkpoint..
resumed from the acc: 83.384, net_parameters_size is 8520986

cycle 1:

Epoch: 38
train_loss: 2.060, top-1: 53.739%, top-5: 76.864%
test_loss: 1.693, top-1: 59.336%, top-5: 83.102%

Epoch: 39
train_loss: 2.058, top-1: 53.740%, top-5: 76.851%
test_loss: 1.652, top-1: 60.314%, top-5: 83.776%

Epoch: 40
train_loss: 2.056, top-1: 53.763%, top-5: 76.952%
test_loss: 1.718, top-1: 58.966%, top-5: 82.782%

Epoch: 41
train_loss: 2.051, top-1: 53.935%, top-5: 76.990%
test_loss: 1.679, top-1: 59.816%, top-5: 83.332%

Epoch: 42
train_loss: 2.044, top-1: 54.015%, top-5: 77.114%
test_loss: 1.666, top-1: 59.976%, top-5: 83.428%

Epoch: 43
train_loss: 2.043, top-1: 54.026%, top-5: 77.099%
test_loss: 1.701, top-1: 59.480%, top-5: 82.944%

Epoch: 44
train_loss: 2.038, top-1: 54.168%, top-5: 77.198%
test_loss: 1.678, top-1: 59.976%, top-5: 83.314%

Epoch: 45
train_loss: 2.034, top-1: 54.215%, top-5: 77.238%
test_loss: 1.720, top-1: 59.148%, top-5: 82.782%

Epoch: 46
==> Preparing data..
==> Resuming from checkpoint..
resumed from the acc: 82.782, net_parameters_size is 8520986

cycle 1:

Epoch: 45
train_loss: 2.033, top-1: 54.315%, top-5: 77.308%
test_loss: 1.678, top-1: 59.882%, top-5: 83.324%

Epoch: 46
train_loss: 2.029, top-1: 54.299%, top-5: 77.337%
test_loss: 1.665, top-1: 59.972%, top-5: 83.646%

Epoch: 47
train_loss: 2.024, top-1: 54.405%, top-5: 77.412%
test_loss: 1.640, top-1: 60.638%, top-5: 83.814%

Epoch: 48
train_loss: 2.023, top-1: 54.404%, top-5: 77.439%
test_loss: 1.673, top-1: 59.890%, top-5: 83.620%

Epoch: 49
train_loss: 2.020, top-1: 54.463%, top-5: 77.447%
test_loss: 1.676, top-1: 59.900%, top-5: 83.518%

Epoch: 50
train_loss: 2.017, top-1: 54.539%, top-5: 77.501%
test_loss: 1.659, top-1: 60.186%, top-5: 83.536%

Epoch: 51
train_loss: 2.015, top-1: 54.646%, top-5: 77.532%
test_loss: 1.654, top-1: 60.374%, top-5: 83.660%

Epoch: 52
==> Preparing data..
==> Resuming from checkpoint..
resumed from the acc: 83.660, net_parameters_size is 8520986

cycle 1:

Epoch: 51
train_loss: 2.013, top-1: 54.622%, top-5: 77.555%
test_loss: 1.645, top-1: 60.548%, top-5: 83.954%

Epoch: 52
train_loss: 2.012, top-1: 54.625%, top-5: 77.605%
test_loss: 1.649, top-1: 60.576%, top-5: 83.810%

Epoch: 53
train_loss: 2.010, top-1: 54.697%, top-5: 77.598%
test_loss: 1.648, top-1: 60.538%, top-5: 83.764%

Epoch: 54
train_loss: 2.008, top-1: 54.703%, top-5: 77.646%
test_loss: 1.636, top-1: 60.750%, top-5: 84.032%

Epoch: 55
train_loss: 2.004, top-1: 54.718%, top-5: 77.693%
test_loss: 1.639, top-1: 60.734%, top-5: 83.894%

Epoch: 56
train_loss: 2.002, top-1: 54.846%, top-5: 77.753%
test_loss: 1.651, top-1: 60.454%, top-5: 83.754%

Epoch: 57
train_loss: 2.003, top-1: 54.780%, top-5: 77.692%
test_loss: 1.630, top-1: 60.954%, top-5: 84.158%

Epoch: 58
==> Preparing data..
==> Resuming from checkpoint..
resumed from the acc: 84.158, net_parameters_size is 8520986

cycle 1:

Epoch: 57
train_loss: 1.999, top-1: 54.844%, top-5: 77.776%
test_loss: 1.669, top-1: 60.134%, top-5: 83.608%

Epoch: 58
train_loss: 1.996, top-1: 54.914%, top-5: 77.808%
test_loss: 1.640, top-1: 60.392%, top-5: 83.966%

Epoch: 59
train_loss: 1.996, top-1: 54.954%, top-5: 77.859%
test_loss: 1.613, top-1: 61.148%, top-5: 84.324%

Epoch: 60
train_loss: 1.733, top-1: 60.429%, top-5: 81.641%
test_loss: 1.369, top-1: 66.594%, top-5: 87.600%

Epoch: 61
train_loss: 1.669, top-1: 61.680%, top-5: 82.554%
test_loss: 1.347, top-1: 67.010%, top-5: 87.914%

Epoch: 62
train_loss: 1.645, top-1: 62.184%, top-5: 82.877%
test_loss: 1.326, top-1: 67.466%, top-5: 88.168%

Epoch: 63
train_loss: 1.628, top-1: 62.589%, top-5: 83.099%
test_loss: 1.315, top-1: 67.674%, top-5: 88.394%

Epoch: 64
==> Preparing data..
==> Resuming from checkpoint..
resumed from the acc: 88.394, net_parameters_size is 8520986

cycle 1:

Epoch: 63
train_loss: 1.613, top-1: 62.802%, top-5: 83.313%
test_loss: 1.304, top-1: 67.838%, top-5: 88.444%

Epoch: 64
train_loss: 1.602, top-1: 63.071%, top-5: 83.481%
test_loss: 1.302, top-1: 67.870%, top-5: 88.432%

Epoch: 65
train_loss: 1.593, top-1: 63.292%, top-5: 83.631%
test_loss: 1.292, top-1: 68.070%, top-5: 88.532%

Epoch: 66
train_loss: 1.586, top-1: 63.395%, top-5: 83.681%
test_loss: 1.291, top-1: 68.170%, top-5: 88.602%

Epoch: 67
train_loss: 1.576, top-1: 63.567%, top-5: 83.852%
test_loss: 1.284, top-1: 68.412%, top-5: 88.730%

Epoch: 68
train_loss: 1.571, top-1: 63.708%, top-5: 83.919%
test_loss: 1.283, top-1: 68.422%, top-5: 88.700%

Epoch: 69
train_loss: 1.567, top-1: 63.735%, top-5: 83.943%
test_loss: 1.282, top-1: 68.354%, top-5: 88.696%

Epoch: 70
==> Preparing data..
==> Resuming from checkpoint..
resumed from the acc: 88.696, net_parameters_size is 8520986

cycle 1:

Epoch: 69
train_loss: 1.561, top-1: 63.879%, top-5: 84.005%
test_loss: 1.286, top-1: 68.292%, top-5: 88.624%

Epoch: 70
train_loss: 1.556, top-1: 63.962%, top-5: 84.123%
test_loss: 1.282, top-1: 68.216%, top-5: 88.792%

Epoch: 71
train_loss: 1.551, top-1: 64.047%, top-5: 84.172%
test_loss: 1.271, top-1: 68.548%, top-5: 88.862%

Epoch: 72
train_loss: 1.546, top-1: 64.172%, top-5: 84.212%
test_loss: 1.266, top-1: 68.760%, top-5: 88.962%

Epoch: 73
train_loss: 1.544, top-1: 64.212%, top-5: 84.261%
test_loss: 1.269, top-1: 68.594%, top-5: 88.898%

Epoch: 74
train_loss: 1.541, top-1: 64.267%, top-5: 84.309%
test_loss: 1.268, top-1: 68.872%, top-5: 88.816%

Epoch: 75
train_loss: 1.539, top-1: 64.313%, top-5: 84.324%
test_loss: 1.264, top-1: 68.674%, top-5: 89.012%

Epoch: 76
train_loss: 1.533, top-1: 64.436%, top-5: 84.414%
test_loss: 1.262, top-1: 68.656%, top-5: 89.152%

Epoch: 77
==> Preparing data..
==> Resuming from checkpoint..
resumed from the acc: 89.152, net_parameters_size is 8520986

cycle 1:

Epoch: 76
train_loss: 1.531, top-1: 64.486%, top-5: 84.432%
test_loss: 1.261, top-1: 68.852%, top-5: 89.094%

Epoch: 77
train_loss: 1.528, top-1: 64.508%, top-5: 84.505%
test_loss: 1.269, top-1: 68.574%, top-5: 88.994%

Epoch: 78
train_loss: 1.528, top-1: 64.527%, top-5: 84.507%
test_loss: 1.258, top-1: 68.798%, top-5: 89.150%

Epoch: 79
train_loss: 1.525, top-1: 64.553%, top-5: 84.499%
test_loss: 1.259, top-1: 68.924%, top-5: 89.050%

Epoch: 80
train_loss: 1.524, top-1: 64.562%, top-5: 84.511%
test_loss: 1.263, top-1: 68.882%, top-5: 88.994%

Epoch: 81
train_loss: 1.523, top-1: 64.630%, top-5: 84.560%
test_loss: 1.261, top-1: 68.890%, top-5: 88.930%

Epoch: 82
train_loss: 1.524, top-1: 64.616%, top-5: 84.525%
test_loss: 1.258, top-1: 68.866%, top-5: 89.014%

Epoch: 83
==> Preparing data..
==> Resuming from checkpoint..
resumed from the acc: 89.014, net_parameters_size is 8520986

cycle 1:

Epoch: 82
train_loss: 1.521, top-1: 64.674%, top-5: 84.571%
test_loss: 1.260, top-1: 68.992%, top-5: 89.128%

Epoch: 83
train_loss: 1.519, top-1: 64.665%, top-5: 84.599%
test_loss: 1.258, top-1: 68.874%, top-5: 89.118%

Epoch: 84
train_loss: 1.517, top-1: 64.722%, top-5: 84.630%
test_loss: 1.257, top-1: 69.038%, top-5: 89.040%

Epoch: 85
train_loss: 1.513, top-1: 64.783%, top-5: 84.711%
test_loss: 1.257, top-1: 68.950%, top-5: 89.092%

Epoch: 86
train_loss: 1.514, top-1: 64.770%, top-5: 84.691%
test_loss: 1.261, top-1: 68.950%, top-5: 89.084%

Epoch: 87
train_loss: 1.513, top-1: 64.815%, top-5: 84.681%
test_loss: 1.255, top-1: 69.134%, top-5: 89.086%

Epoch: 88
train_loss: 1.514, top-1: 64.808%, top-5: 84.702%
test_loss: 1.260, top-1: 68.958%, top-5: 88.920%

Epoch: 89
==> Preparing data..
==> Resuming from checkpoint..
resumed from the acc: 88.920, net_parameters_size is 8520986

cycle 1:

Epoch: 88
train_loss: 1.513, top-1: 64.735%, top-5: 84.681%
test_loss: 1.260, top-1: 69.008%, top-5: 88.954%

Epoch: 89
train_loss: 1.512, top-1: 64.811%, top-5: 84.709%
test_loss: 1.255, top-1: 69.010%, top-5: 89.030%

Epoch: 90
train_loss: 1.454, top-1: 66.144%, top-5: 85.463%
test_loss: 1.217, top-1: 69.842%, top-5: 89.596%

Epoch: 91
train_loss: 1.433, top-1: 66.573%, top-5: 85.787%
test_loss: 1.207, top-1: 69.964%, top-5: 89.638%

Epoch: 92
train_loss: 1.428, top-1: 66.649%, top-5: 85.851%
test_loss: 1.206, top-1: 70.020%, top-5: 89.724%

Epoch: 93
train_loss: 1.426, top-1: 66.753%, top-5: 85.850%
test_loss: 1.200, top-1: 70.344%, top-5: 89.780%

Epoch: 94
train_loss: 1.420, top-1: 66.814%, top-5: 85.934%
test_loss: 1.208, top-1: 70.056%, top-5: 89.600%

Epoch: 95
train_loss: 1.418, top-1: 66.861%, top-5: 85.969%
test_loss: 1.206, top-1: 70.170%, top-5: 89.728%

Epoch: 96
==> Preparing data..
==> Resuming from checkpoint..
resumed from the acc: 89.728, net_parameters_size is 8520986

cycle 1:

Epoch: 95
train_loss: 1.414, top-1: 66.948%, top-5: 86.030%
test_loss: 1.211, top-1: 69.936%, top-5: 89.634%

Epoch: 96
train_loss: 1.412, top-1: 66.958%, top-5: 86.036%
test_loss: 1.199, top-1: 70.222%, top-5: 89.796%

Epoch: 97
train_loss: 1.411, top-1: 67.006%, top-5: 86.070%
test_loss: 1.200, top-1: 70.152%, top-5: 89.770%

Epoch: 98
train_loss: 1.407, top-1: 67.078%, top-5: 86.104%
test_loss: 1.205, top-1: 70.048%, top-5: 89.738%

Epoch: 99
train_loss: 1.407, top-1: 67.077%, top-5: 86.113%
test_loss: 1.194, top-1: 70.354%, top-5: 89.792%
cycle 2:

Epoch: 0
train_loss: 3.583, top-1: 28.255%, top-5: 51.272%
test_loss: 2.890, top-1: 37.088%, top-5: 64.110%

Epoch: 1
train_loss: 3.000, top-1: 36.563%, top-5: 61.784%
test_loss: 2.811, top-1: 39.328%, top-5: 66.450%

Epoch: 2
train_loss: 2.965, top-1: 37.212%, top-5: 62.391%
test_loss: 2.714, top-1: 40.160%, top-5: 67.056%

Epoch: 3
==> Preparing data..
==> Resuming from checkpoint..
resumed from the acc: 67.056, net_parameters_size is 8520986

cycle 2:

Epoch: 2
train_loss: 2.959, top-1: 37.298%, top-5: 62.519%
test_loss: 2.643, top-1: 41.418%, top-5: 68.110%

Epoch: 3
train_loss: 2.952, top-1: 37.388%, top-5: 62.573%
test_loss: 2.661, top-1: 40.848%, top-5: 68.322%

Epoch: 4
train_loss: 2.951, top-1: 37.410%, top-5: 62.593%
test_loss: 2.701, top-1: 40.620%, top-5: 67.406%

Epoch: 5
train_loss: 2.948, top-1: 37.510%, top-5: 62.634%
test_loss: 2.734, top-1: 39.882%, top-5: 66.864%

Epoch: 6
train_loss: 2.948, top-1: 37.485%, top-5: 62.676%
test_loss: 2.846, top-1: 38.132%, top-5: 65.148%

Epoch: 7
train_loss: 2.947, top-1: 37.535%, top-5: 62.674%
test_loss: 2.624, top-1: 42.344%, top-5: 69.064%

Epoch: 8
train_loss: 2.945, top-1: 37.557%, top-5: 62.742%
test_loss: 2.591, top-1: 42.070%, top-5: 69.338%

Epoch: 9
train_loss: 2.943, top-1: 37.556%, top-5: 62.741%
test_loss: 2.754, top-1: 39.594%, top-5: 66.600%

Epoch: 10
==> Preparing data..
==> Resuming from checkpoint..
resumed from the acc: 66.600, net_parameters_size is 8520986

cycle 2:

Epoch: 9
train_loss: 2.946, top-1: 37.514%, top-5: 62.699%
test_loss: 2.692, top-1: 40.800%, top-5: 67.602%

Epoch: 10
train_loss: 2.944, top-1: 37.578%, top-5: 62.731%
test_loss: 2.664, top-1: 41.270%, top-5: 68.320%

Epoch: 11
train_loss: 2.942, top-1: 37.642%, top-5: 62.798%
test_loss: 2.666, top-1: 40.738%, top-5: 67.686%

Epoch: 12
train_loss: 2.942, top-1: 37.585%, top-5: 62.734%
test_loss: 2.701, top-1: 40.312%, top-5: 67.594%

Epoch: 13
train_loss: 2.941, top-1: 37.637%, top-5: 62.791%
test_loss: 2.693, top-1: 40.420%, top-5: 67.338%

Epoch: 14
train_loss: 2.944, top-1: 37.580%, top-5: 62.735%
test_loss: 2.714, top-1: 39.952%, top-5: 67.388%

Epoch: 15
train_loss: 2.943, top-1: 37.566%, top-5: 62.728%
test_loss: 2.721, top-1: 39.878%, top-5: 67.078%

Epoch: 16
==> Preparing data..
==> Resuming from checkpoint..
resumed from the acc: 67.078, net_parameters_size is 8520986

cycle 2:

Epoch: 15
train_loss: 2.939, top-1: 37.601%, top-5: 62.841%
test_loss: 2.629, top-1: 41.696%, top-5: 68.694%

Epoch: 16
train_loss: 2.941, top-1: 37.578%, top-5: 62.744%
test_loss: 2.725, top-1: 40.054%, top-5: 67.132%

Epoch: 17
train_loss: 2.940, top-1: 37.642%, top-5: 62.770%
test_loss: 2.639, top-1: 41.358%, top-5: 68.594%

Epoch: 18
train_loss: 2.938, top-1: 37.687%, top-5: 62.783%
test_loss: 2.649, top-1: 41.460%, top-5: 68.346%

Epoch: 19
train_loss: 2.938, top-1: 37.663%, top-5: 62.846%
test_loss: 2.556, top-1: 42.572%, top-5: 69.838%

Epoch: 20
train_loss: 2.938, top-1: 37.617%, top-5: 62.807%
test_loss: 2.730, top-1: 40.114%, top-5: 67.080%

Epoch: 21
train_loss: 2.937, top-1: 37.727%, top-5: 62.869%
test_loss: 2.570, top-1: 42.722%, top-5: 69.734%

Epoch: 22
train_loss: 2.939, top-1: 37.657%, top-5: 62.780%
test_loss: 2.649, top-1: 41.340%, top-5: 68.400%

Epoch: 23
==> Preparing data..
==> Resuming from checkpoint..
resumed from the acc: 68.400, net_parameters_size is 8520986

cycle 2:

Epoch: 22
train_loss: 2.938, top-1: 37.618%, top-5: 62.865%
test_loss: 2.644, top-1: 41.262%, top-5: 68.274%

Epoch: 23
train_loss: 2.937, top-1: 37.658%, top-5: 62.833%
test_loss: 2.648, top-1: 41.412%, top-5: 67.974%

Epoch: 24
train_loss: 2.938, top-1: 37.647%, top-5: 62.814%
test_loss: 2.671, top-1: 41.026%, top-5: 68.142%

Epoch: 25
train_loss: 2.937, top-1: 37.638%, top-5: 62.857%
test_loss: 2.593, top-1: 42.340%, top-5: 69.102%

Epoch: 26
train_loss: 2.939, top-1: 37.702%, top-5: 62.807%
test_loss: 2.614, top-1: 41.548%, top-5: 68.814%

Epoch: 27
train_loss: 2.935, top-1: 37.741%, top-5: 62.895%
test_loss: 2.733, top-1: 39.628%, top-5: 67.164%

Epoch: 28
train_loss: 2.937, top-1: 37.675%, top-5: 62.862%
test_loss: 2.659, top-1: 41.320%, top-5: 68.184%

Epoch: 29
==> Preparing data..
==> Resuming from checkpoint..
resumed from the acc: 68.184, net_parameters_size is 8520986

cycle 2:

Epoch: 28
train_loss: 2.935, top-1: 37.722%, top-5: 62.904%
test_loss: 2.612, top-1: 41.778%, top-5: 69.180%

Epoch: 29
train_loss: 2.936, top-1: 37.775%, top-5: 62.829%
test_loss: 2.726, top-1: 39.486%, top-5: 67.146%

Epoch: 30
train_loss: 2.252, top-1: 50.295%, top-5: 73.856%
test_loss: 1.749, top-1: 58.448%, top-5: 82.270%

Epoch: 31
train_loss: 2.110, top-1: 52.865%, top-5: 76.010%
test_loss: 1.692, top-1: 59.400%, top-5: 83.136%

Epoch: 32
train_loss: 2.066, top-1: 53.705%, top-5: 76.692%
test_loss: 1.662, top-1: 60.242%, top-5: 83.592%

Epoch: 33
train_loss: 2.050, top-1: 54.066%, top-5: 76.914%
test_loss: 1.652, top-1: 60.404%, top-5: 83.648%

Epoch: 34
train_loss: 2.047, top-1: 54.035%, top-5: 77.018%
test_loss: 1.675, top-1: 59.972%, top-5: 83.378%

Epoch: 35
train_loss: 2.049, top-1: 53.946%, top-5: 77.012%
test_loss: 1.675, top-1: 59.790%, top-5: 83.518%

Epoch: 36
==> Preparing data..
==> Resuming from checkpoint..
resumed from the acc: 83.518, net_parameters_size is 8520986

cycle 2:

Epoch: 35
train_loss: 2.053, top-1: 53.873%, top-5: 76.948%
test_loss: 1.646, top-1: 60.630%, top-5: 83.848%

Epoch: 36
train_loss: 2.053, top-1: 53.820%, top-5: 76.958%
test_loss: 1.645, top-1: 60.278%, top-5: 83.838%

Epoch: 37
train_loss: 2.058, top-1: 53.793%, top-5: 76.897%
test_loss: 1.681, top-1: 59.634%, top-5: 83.214%

Epoch: 38
train_loss: 2.055, top-1: 53.854%, top-5: 76.950%
test_loss: 1.645, top-1: 60.582%, top-5: 83.910%

Epoch: 39
train_loss: 2.056, top-1: 53.799%, top-5: 76.895%
test_loss: 1.673, top-1: 59.914%, top-5: 83.400%

Epoch: 40
train_loss: 2.052, top-1: 53.863%, top-5: 76.973%
test_loss: 1.658, top-1: 60.186%, top-5: 83.590%

Epoch: 41
train_loss: 2.051, top-1: 53.934%, top-5: 76.994%
test_loss: 1.672, top-1: 60.264%, top-5: 83.572%

Epoch: 42
train_loss: 2.048, top-1: 53.924%, top-5: 77.063%
test_loss: 1.673, top-1: 59.816%, top-5: 83.440%

Epoch: 43
==> Preparing data..
==> Resuming from checkpoint..
resumed from the acc: 83.440, net_parameters_size is 8520986

cycle 2:

Epoch: 42
train_loss: 2.041, top-1: 54.100%, top-5: 77.137%
test_loss: 1.674, top-1: 59.690%, top-5: 83.470%

Epoch: 43
train_loss: 2.040, top-1: 54.110%, top-5: 77.165%
test_loss: 1.683, top-1: 59.832%, top-5: 83.200%

Epoch: 44
train_loss: 2.036, top-1: 54.210%, top-5: 77.189%
test_loss: 1.663, top-1: 59.978%, top-5: 83.556%

Epoch: 45
train_loss: 2.034, top-1: 54.219%, top-5: 77.270%
test_loss: 1.687, top-1: 59.682%, top-5: 83.216%

Epoch: 46
train_loss: 2.031, top-1: 54.263%, top-5: 77.319%
test_loss: 1.693, top-1: 59.340%, top-5: 83.042%

Epoch: 47
train_loss: 2.025, top-1: 54.371%, top-5: 77.373%
test_loss: 1.646, top-1: 60.446%, top-5: 83.994%

Epoch: 48
train_loss: 2.023, top-1: 54.420%, top-5: 77.448%
test_loss: 1.658, top-1: 60.322%, top-5: 83.700%

Epoch: 49
train_loss: 2.021, top-1: 54.501%, top-5: 77.460%
test_loss: 1.643, top-1: 60.648%, top-5: 83.952%

Epoch: 50
==> Preparing data..
==> Resuming from checkpoint..
resumed from the acc: 83.952, net_parameters_size is 8520986

cycle 2:

Epoch: 49
train_loss: 2.017, top-1: 54.522%, top-5: 77.500%
test_loss: 1.651, top-1: 60.280%, top-5: 83.672%

Epoch: 50
train_loss: 2.016, top-1: 54.516%, top-5: 77.501%
test_loss: 1.670, top-1: 60.172%, top-5: 83.434%

Epoch: 51
train_loss: 2.014, top-1: 54.586%, top-5: 77.528%
test_loss: 1.628, top-1: 60.840%, top-5: 84.018%

Epoch: 52
train_loss: 2.014, top-1: 54.637%, top-5: 77.570%
test_loss: 1.630, top-1: 60.766%, top-5: 84.090%

Epoch: 53
train_loss: 2.012, top-1: 54.636%, top-5: 77.573%
test_loss: 1.616, top-1: 61.106%, top-5: 84.272%

Epoch: 54
train_loss: 2.006, top-1: 54.702%, top-5: 77.682%
test_loss: 1.628, top-1: 60.748%, top-5: 84.130%

Epoch: 55
train_loss: 2.003, top-1: 54.787%, top-5: 77.731%
test_loss: 1.639, top-1: 60.784%, top-5: 83.790%

Epoch: 56
==> Preparing data..
==> Resuming from checkpoint..
resumed from the acc: 83.790, net_parameters_size is 8520986

cycle 2:

Epoch: 55
train_loss: 2.002, top-1: 54.865%, top-5: 77.759%
test_loss: 1.643, top-1: 60.384%, top-5: 84.032%

Epoch: 56
train_loss: 2.002, top-1: 54.831%, top-5: 77.768%
test_loss: 1.657, top-1: 60.162%, top-5: 83.728%

Epoch: 57
train_loss: 2.001, top-1: 54.830%, top-5: 77.774%
test_loss: 1.603, top-1: 61.384%, top-5: 84.458%

Epoch: 58
train_loss: 2.000, top-1: 54.861%, top-5: 77.766%
test_loss: 1.622, top-1: 60.960%, top-5: 84.348%

Epoch: 59
train_loss: 1.999, top-1: 54.891%, top-5: 77.783%
test_loss: 1.631, top-1: 60.948%, top-5: 84.080%

Epoch: 60
train_loss: 1.738, top-1: 60.359%, top-5: 81.569%
test_loss: 1.369, top-1: 66.578%, top-5: 87.682%

Epoch: 61
train_loss: 1.672, top-1: 61.650%, top-5: 82.510%
test_loss: 1.347, top-1: 66.994%, top-5: 87.898%

Epoch: 62
==> Preparing data..
==> Resuming from checkpoint..
resumed from the acc: 87.898, net_parameters_size is 8520986

cycle 2:

Epoch: 61
train_loss: 1.646, top-1: 62.170%, top-5: 82.856%
test_loss: 1.333, top-1: 67.384%, top-5: 88.064%

Epoch: 62
train_loss: 1.628, top-1: 62.516%, top-5: 83.139%
test_loss: 1.309, top-1: 67.926%, top-5: 88.474%

Epoch: 63
train_loss: 1.615, top-1: 62.785%, top-5: 83.292%
test_loss: 1.315, top-1: 67.788%, top-5: 88.384%

Epoch: 64
train_loss: 1.606, top-1: 63.010%, top-5: 83.390%
test_loss: 1.301, top-1: 67.992%, top-5: 88.454%

Epoch: 65
train_loss: 1.597, top-1: 63.126%, top-5: 83.518%
test_loss: 1.301, top-1: 68.058%, top-5: 88.532%

Epoch: 66
train_loss: 1.588, top-1: 63.338%, top-5: 83.689%
test_loss: 1.302, top-1: 67.914%, top-5: 88.484%

Epoch: 67
train_loss: 1.578, top-1: 63.560%, top-5: 83.813%
test_loss: 1.289, top-1: 68.166%, top-5: 88.672%

Epoch: 68
==> Preparing data..
==> Resuming from checkpoint..
resumed from the acc: 88.672, net_parameters_size is 8520986

cycle 2:

Epoch: 67
train_loss: 1.577, top-1: 63.557%, top-5: 83.806%
test_loss: 1.290, top-1: 68.174%, top-5: 88.618%

Epoch: 68
train_loss: 1.568, top-1: 63.762%, top-5: 83.940%
test_loss: 1.288, top-1: 68.248%, top-5: 88.648%

Epoch: 69
train_loss: 1.563, top-1: 63.842%, top-5: 84.022%
test_loss: 1.285, top-1: 68.212%, top-5: 88.712%

Epoch: 70
train_loss: 1.560, top-1: 63.896%, top-5: 84.017%
test_loss: 1.269, top-1: 68.688%, top-5: 88.898%

Epoch: 71
train_loss: 1.557, top-1: 63.984%, top-5: 84.080%
test_loss: 1.278, top-1: 68.646%, top-5: 88.792%

Epoch: 72
train_loss: 1.550, top-1: 64.079%, top-5: 84.194%
test_loss: 1.266, top-1: 68.688%, top-5: 89.018%

Epoch: 73
train_loss: 1.549, top-1: 64.123%, top-5: 84.193%
test_loss: 1.274, top-1: 68.518%, top-5: 88.806%

Epoch: 74
==> Preparing data..
==> Resuming from checkpoint..
resumed from the acc: 88.806, net_parameters_size is 8520986

cycle 2:

Epoch: 73
==> Preparing data..
==> Resuming from checkpoint..
resumed from the acc: 88.806, net_parameters_size is 8520986

cycle 2:

Epoch: 73
train_loss: 1.542, top-1: 64.265%, top-5: 84.292%
test_loss: 1.265, top-1: 68.764%, top-5: 88.958%

Epoch: 74
train_loss: 1.542, top-1: 64.216%, top-5: 84.320%
test_loss: 1.269, top-1: 68.702%, top-5: 88.920%

Epoch: 75
train_loss: 1.537, top-1: 64.343%, top-5: 84.372%
test_loss: 1.265, top-1: 68.802%, top-5: 89.026%

Epoch: 76
train_loss: 1.535, top-1: 64.374%, top-5: 84.402%
test_loss: 1.262, top-1: 68.688%, top-5: 89.056%

Epoch: 77
train_loss: 1.536, top-1: 64.400%, top-5: 84.362%
test_loss: 1.257, top-1: 69.004%, top-5: 88.986%

Epoch: 78
train_loss: 1.532, top-1: 64.407%, top-5: 84.438%
test_loss: 1.263, top-1: 68.668%, top-5: 88.932%

Epoch: 79
train_loss: 1.530, top-1: 64.476%, top-5: 84.474%
test_loss: 1.262, top-1: 68.776%, top-5: 89.090%

Epoch: 80
==> Preparing data..
==> Resuming from checkpoint..
resumed from the acc: 89.090, net_parameters_size is 8520986

cycle 2:

Epoch: 79
train_loss: 1.526, top-1: 64.527%, top-5: 84.509%
test_loss: 1.256, top-1: 68.944%, top-5: 89.018%

Epoch: 80
train_loss: 1.527, top-1: 64.558%, top-5: 84.506%
test_loss: 1.251, top-1: 69.042%, top-5: 89.202%

Epoch: 81
train_loss: 1.524, top-1: 64.572%, top-5: 84.553%
test_loss: 1.263, top-1: 68.816%, top-5: 88.930%

Epoch: 82
train_loss: 1.525, top-1: 64.549%, top-5: 84.549%
test_loss: 1.267, top-1: 68.626%, top-5: 88.886%

Epoch: 83
train_loss: 1.522, top-1: 64.636%, top-5: 84.557%
test_loss: 1.253, top-1: 68.848%, top-5: 89.076%

Epoch: 84
train_loss: 1.524, top-1: 64.605%, top-5: 84.542%
test_loss: 1.265, top-1: 68.740%, top-5: 88.916%

Epoch: 85
train_loss: 1.521, top-1: 64.665%, top-5: 84.556%
test_loss: 1.258, top-1: 68.836%, top-5: 89.050%

Epoch: 86
==> Preparing data..
==> Resuming from checkpoint..
resumed from the acc: 89.050, net_parameters_size is 8520986

cycle 2:

Epoch: 85
train_loss: 1.520, top-1: 64.629%, top-5: 84.612%
test_loss: 1.260, top-1: 68.838%, top-5: 88.912%

Epoch: 86
train_loss: 1.518, top-1: 64.699%, top-5: 84.608%
test_loss: 1.252, top-1: 69.060%, top-5: 89.124%

Epoch: 87
train_loss: 1.516, top-1: 64.730%, top-5: 84.662%
test_loss: 1.264, top-1: 68.794%, top-5: 88.948%

Epoch: 88
train_loss: 1.517, top-1: 64.713%, top-5: 84.667%
test_loss: 1.248, top-1: 69.018%, top-5: 89.108%

Epoch: 89
train_loss: 1.516, top-1: 64.674%, top-5: 84.647%
test_loss: 1.253, top-1: 68.928%, top-5: 89.034%

Epoch: 90
train_loss: 1.458, top-1: 66.026%, top-5: 85.438%
test_loss: 1.217, top-1: 69.606%, top-5: 89.484%

Epoch: 91
train_loss: 1.440, top-1: 66.406%, top-5: 85.691%
test_loss: 1.204, top-1: 69.954%, top-5: 89.690%

Epoch: 92
==> Preparing data..
==> Resuming from checkpoint..
resumed from the acc: 89.690, net_parameters_size is 8520986

cycle 2:

Epoch: 91
train_loss: 1.433, top-1: 66.557%, top-5: 85.776%
test_loss: 1.201, top-1: 70.232%, top-5: 89.690%

Epoch: 92
train_loss: 1.429, top-1: 66.624%, top-5: 85.835%
test_loss: 1.202, top-1: 70.202%, top-5: 89.742%

Epoch: 93
train_loss: 1.426, top-1: 66.656%, top-5: 85.857%
test_loss: 1.206, top-1: 69.948%, top-5: 89.630%

Epoch: 94
train_loss: 1.420, top-1: 66.809%, top-5: 85.973%
test_loss: 1.201, top-1: 70.078%, top-5: 89.684%

Epoch: 95
train_loss: 1.422, top-1: 66.777%, top-5: 85.901%
test_loss: 1.198, top-1: 70.122%, top-5: 89.740%

Epoch: 96
train_loss: 1.419, top-1: 66.801%, top-5: 85.974%
test_loss: 1.201, top-1: 70.168%, top-5: 89.684%

Epoch: 97
train_loss: 1.418, top-1: 66.818%, top-5: 85.962%
test_loss: 1.196, top-1: 70.124%, top-5: 89.754%

Epoch: 98
==> Preparing data..
==> Resuming from checkpoint..
resumed from the acc: 89.754, net_parameters_size is 8520986

cycle 2:

Epoch: 97
train_loss: 1.416, top-1: 66.887%, top-5: 86.005%
test_loss: 1.203, top-1: 70.082%, top-5: 89.644%

Epoch: 98
train_loss: 1.414, top-1: 66.935%, top-5: 86.030%
test_loss: 1.205, top-1: 69.980%, top-5: 89.668%

Epoch: 99
train_loss: 1.413, top-1: 66.934%, top-5: 86.040%
test_loss: 1.196, top-1: 70.082%, top-5: 89.768%
cycle 3:

Epoch: 0
train_loss: 3.543, top-1: 28.777%, top-5: 51.983%
test_loss: 2.833, top-1: 37.822%, top-5: 64.936%

Epoch: 1
train_loss: 2.983, top-1: 36.891%, top-5: 62.028%
test_loss: 2.621, top-1: 41.416%, top-5: 69.066%

Epoch: 2
train_loss: 2.951, top-1: 37.426%, top-5: 62.621%
test_loss: 2.684, top-1: 41.156%, top-5: 67.610%

Epoch: 3
train_loss: 2.943, top-1: 37.590%, top-5: 62.802%
test_loss: 2.827, top-1: 38.984%, top-5: 65.524%

Epoch: 4
train_loss: 2.941, top-1: 37.547%, top-5: 62.745%
test_loss: 2.545, top-1: 43.002%, top-5: 70.320%

Epoch: 5
==> Preparing data..
==> Resuming from checkpoint..
resumed from the acc: 70.320, net_parameters_size is 8520986

cycle 3:

Epoch: 4
train_loss: 2.940, top-1: 37.630%, top-5: 62.818%
test_loss: 2.708, top-1: 40.354%, top-5: 67.566%

Epoch: 5
train_loss: 2.938, top-1: 37.648%, top-5: 62.829%
test_loss: 2.699, top-1: 40.698%, top-5: 67.990%

Epoch: 6
train_loss: 2.939, top-1: 37.626%, top-5: 62.835%
test_loss: 2.668, top-1: 41.372%, top-5: 68.588%

Epoch: 7
train_loss: 2.938, top-1: 37.671%, top-5: 62.839%
test_loss: 2.588, top-1: 42.214%, top-5: 69.394%

Epoch: 8
train_loss: 2.939, top-1: 37.662%, top-5: 62.801%
test_loss: 2.677, top-1: 40.470%, top-5: 67.600%

Epoch: 9
train_loss: 2.935, top-1: 37.730%, top-5: 62.904%
test_loss: 2.709, top-1: 40.184%, top-5: 67.340%

Epoch: 10
train_loss: 2.938, top-1: 37.650%, top-5: 62.822%
test_loss: 2.668, top-1: 41.272%, top-5: 68.024%

Epoch: 11
==> Preparing data..
==> Resuming from checkpoint..
resumed from the acc: 68.024, net_parameters_size is 8520986

cycle 3:

Epoch: 10
train_loss: 2.936, top-1: 37.695%, top-5: 62.825%
test_loss: 2.615, top-1: 41.608%, top-5: 68.890%

Epoch: 11
train_loss: 2.935, top-1: 37.737%, top-5: 62.900%
test_loss: 2.756, top-1: 39.980%, top-5: 66.838%

Epoch: 12
train_loss: 2.937, top-1: 37.653%, top-5: 62.869%
test_loss: 2.561, top-1: 42.884%, top-5: 70.218%

Epoch: 13
train_loss: 2.935, top-1: 37.694%, top-5: 62.866%
test_loss: 2.630, top-1: 41.724%, top-5: 68.504%

Epoch: 14
train_loss: 2.936, top-1: 37.646%, top-5: 62.839%
test_loss: 2.639, top-1: 41.654%, top-5: 68.660%

Epoch: 15
train_loss: 2.936, top-1: 37.719%, top-5: 62.894%
test_loss: 2.822, top-1: 38.812%, top-5: 65.422%

Epoch: 16
train_loss: 2.935, top-1: 37.721%, top-5: 62.878%
test_loss: 2.733, top-1: 40.338%, top-5: 66.952%

Epoch: 17
train_loss: 2.934, top-1: 37.732%, top-5: 62.840%
test_loss: 2.648, top-1: 41.254%, top-5: 68.558%

Epoch: 18
==> Preparing data..
==> Resuming from checkpoint..
resumed from the acc: 68.558, net_parameters_size is 8520986

cycle 3:

Epoch: 17
train_loss: 2.932, top-1: 37.719%, top-5: 62.990%
test_loss: 2.683, top-1: 40.596%, top-5: 67.904%

Epoch: 18
train_loss: 2.933, top-1: 37.719%, top-5: 62.935%
test_loss: 2.628, top-1: 41.590%, top-5: 68.528%

Epoch: 19
train_loss: 2.932, top-1: 37.782%, top-5: 62.949%
test_loss: 2.656, top-1: 41.624%, top-5: 68.594%

Epoch: 20
train_loss: 2.933, top-1: 37.726%, top-5: 62.901%
test_loss: 2.640, top-1: 41.118%, top-5: 68.442%

Epoch: 21
train_loss: 2.933, top-1: 37.744%, top-5: 62.925%
test_loss: 2.596, top-1: 42.820%, top-5: 69.404%

Epoch: 22
train_loss: 2.935, top-1: 37.709%, top-5: 62.870%
test_loss: 2.592, top-1: 41.808%, top-5: 69.378%

Epoch: 23
train_loss: 2.933, top-1: 37.708%, top-5: 62.908%
test_loss: 2.731, top-1: 39.788%, top-5: 66.924%

Epoch: 24
train_loss: 2.930, top-1: 37.810%, top-5: 62.966%
test_loss: 2.721, top-1: 40.272%, top-5: 66.994%

Epoch: 25
==> Preparing data..
==> Resuming from checkpoint..
resumed from the acc: 66.994, net_parameters_size is 8520986

cycle 3:

Epoch: 24
train_loss: 2.932, top-1: 37.779%, top-5: 62.917%
test_loss: 2.825, top-1: 38.164%, top-5: 65.540%

Epoch: 25
train_loss: 2.929, top-1: 37.843%, top-5: 62.950%
test_loss: 2.740, top-1: 39.970%, top-5: 66.828%

Epoch: 26
train_loss: 2.933, top-1: 37.789%, top-5: 62.869%
test_loss: 2.610, top-1: 42.220%, top-5: 69.172%

Epoch: 27
train_loss: 2.932, top-1: 37.758%, top-5: 62.952%
test_loss: 2.747, top-1: 39.486%, top-5: 66.554%

Epoch: 28
train_loss: 2.930, top-1: 37.780%, top-5: 62.948%
test_loss: 2.673, top-1: 41.028%, top-5: 67.826%

Epoch: 29
train_loss: 2.932, top-1: 37.799%, top-5: 62.898%
test_loss: 2.714, top-1: 40.258%, top-5: 67.362%

Epoch: 30
train_loss: 2.248, top-1: 50.367%, top-5: 73.859%
test_loss: 1.727, top-1: 58.970%, top-5: 82.600%

Epoch: 31
==> Preparing data..
==> Resuming from checkpoint..
resumed from the acc: 82.600, net_parameters_size is 8520986

cycle 3:

Epoch: 30
train_loss: 2.105, top-1: 52.946%, top-5: 76.106%
test_loss: 1.684, top-1: 59.944%, top-5: 83.280%

Epoch: 31
train_loss: 2.063, top-1: 53.744%, top-5: 76.740%
test_loss: 1.662, top-1: 60.100%, top-5: 83.654%

Epoch: 32
train_loss: 2.046, top-1: 54.074%, top-5: 77.003%
test_loss: 1.636, top-1: 60.710%, top-5: 83.976%

Epoch: 33
train_loss: 2.042, top-1: 54.147%, top-5: 77.093%
test_loss: 1.673, top-1: 60.388%, top-5: 83.368%

Epoch: 34
train_loss: 2.044, top-1: 54.064%, top-5: 77.095%
test_loss: 1.655, top-1: 60.304%, top-5: 83.536%

Epoch: 35
train_loss: 2.048, top-1: 53.998%, top-5: 77.007%
test_loss: 1.663, top-1: 60.184%, top-5: 83.644%

Epoch: 36
train_loss: 2.052, top-1: 53.888%, top-5: 76.983%
test_loss: 1.679, top-1: 59.994%, top-5: 83.472%

Epoch: 37
train_loss: 2.050, top-1: 53.930%, top-5: 77.013%
test_loss: 1.672, top-1: 59.932%, top-5: 83.396%

Epoch: 38
==> Preparing data..
==> Resuming from checkpoint..
resumed from the acc: 83.396, net_parameters_size is 8520986

cycle 3:

Epoch: 37
train_loss: 2.051, top-1: 53.941%, top-5: 76.966%
test_loss: 1.663, top-1: 60.540%, top-5: 83.712%

Epoch: 38
train_loss: 2.053, top-1: 53.881%, top-5: 76.904%
test_loss: 1.646, top-1: 60.466%, top-5: 83.752%

Epoch: 39
train_loss: 2.047, top-1: 53.938%, top-5: 77.063%
test_loss: 1.678, top-1: 59.910%, top-5: 83.298%

Epoch: 40
train_loss: 2.045, top-1: 53.984%, top-5: 77.090%
test_loss: 1.635, top-1: 60.828%, top-5: 83.992%

Epoch: 41
train_loss: 2.043, top-1: 54.070%, top-5: 77.160%
test_loss: 1.676, top-1: 60.024%, top-5: 83.406%

Epoch: 42
train_loss: 2.041, top-1: 54.103%, top-5: 77.160%
test_loss: 1.680, top-1: 59.896%, top-5: 83.500%

Epoch: 43
train_loss: 2.036, top-1: 54.174%, top-5: 77.225%
test_loss: 1.633, top-1: 60.696%, top-5: 83.942%

Epoch: 44
train_loss: 2.033, top-1: 54.224%, top-5: 77.246%
test_loss: 1.696, top-1: 59.530%, top-5: 83.028%

Epoch: 45
==> Preparing data..
==> Resuming from checkpoint..
resumed from the acc: 83.028, net_parameters_size is 8520986

cycle 3:

Epoch: 44
train_loss: 2.031, top-1: 54.289%, top-5: 77.279%
test_loss: 1.651, top-1: 60.558%, top-5: 83.800%

Epoch: 45
train_loss: 2.027, top-1: 54.408%, top-5: 77.354%
test_loss: 1.649, top-1: 60.454%, top-5: 83.870%

Epoch: 46
train_loss: 2.023, top-1: 54.404%, top-5: 77.418%
test_loss: 1.628, top-1: 60.918%, top-5: 84.140%

Epoch: 47
train_loss: 2.019, top-1: 54.486%, top-5: 77.531%
test_loss: 1.678, top-1: 60.136%, top-5: 83.524%

Epoch: 48
train_loss: 2.019, top-1: 54.521%, top-5: 77.465%
test_loss: 1.636, top-1: 60.808%, top-5: 84.032%

Epoch: 49
train_loss: 2.018, top-1: 54.532%, top-5: 77.497%
test_loss: 1.641, top-1: 60.856%, top-5: 83.888%

Epoch: 50
train_loss: 2.016, top-1: 54.514%, top-5: 77.527%
test_loss: 1.689, top-1: 59.964%, top-5: 83.190%

Epoch: 51
train_loss: 2.015, top-1: 54.604%, top-5: 77.544%
test_loss: 1.668, top-1: 60.044%, top-5: 83.542%

Epoch: 52
==> Preparing data..
==> Resuming from checkpoint..
resumed from the acc: 83.542, net_parameters_size is 8520986

cycle 3:

Epoch: 51
train_loss: 2.006, top-1: 54.680%, top-5: 77.701%
test_loss: 1.620, top-1: 61.064%, top-5: 84.284%

Epoch: 52
train_loss: 2.009, top-1: 54.638%, top-5: 77.632%
test_loss: 1.628, top-1: 60.804%, top-5: 84.180%

Epoch: 53
train_loss: 2.007, top-1: 54.705%, top-5: 77.636%
test_loss: 1.632, top-1: 60.956%, top-5: 83.972%

Epoch: 54
train_loss: 2.005, top-1: 54.772%, top-5: 77.724%
test_loss: 1.596, top-1: 61.590%, top-5: 84.636%

Epoch: 55
train_loss: 2.004, top-1: 54.796%, top-5: 77.687%
test_loss: 1.624, top-1: 61.180%, top-5: 84.158%

Epoch: 56
train_loss: 2.003, top-1: 54.820%, top-5: 77.702%
test_loss: 1.618, top-1: 61.196%, top-5: 84.304%

Epoch: 57
train_loss: 1.999, top-1: 54.871%, top-5: 77.782%
test_loss: 1.626, top-1: 61.132%, top-5: 84.118%

Epoch: 58
train_loss: 1.997, top-1: 54.909%, top-5: 77.798%
test_loss: 1.633, top-1: 60.712%, top-5: 84.158%

Epoch: 59
==> Preparing data..
==> Resuming from checkpoint..
resumed from the acc: 84.158, net_parameters_size is 8520986

cycle 3:

Epoch: 58
train_loss: 1.998, top-1: 54.846%, top-5: 77.815%
test_loss: 1.636, top-1: 60.908%, top-5: 84.100%

Epoch: 59
train_loss: 1.998, top-1: 54.918%, top-5: 77.822%
test_loss: 1.649, top-1: 60.616%, top-5: 83.866%

Epoch: 60
train_loss: 1.735, top-1: 60.349%, top-5: 81.591%
test_loss: 1.368, top-1: 66.584%, top-5: 87.664%

Epoch: 61
train_loss: 1.672, top-1: 61.646%, top-5: 82.491%
test_loss: 1.348, top-1: 67.050%, top-5: 87.924%

Epoch: 62
train_loss: 1.644, top-1: 62.176%, top-5: 82.915%
test_loss: 1.334, top-1: 67.342%, top-5: 88.064%

Epoch: 63
train_loss: 1.630, top-1: 62.485%, top-5: 83.059%
test_loss: 1.322, top-1: 67.676%, top-5: 88.206%

Epoch: 64
train_loss: 1.617, top-1: 62.727%, top-5: 83.256%
test_loss: 1.317, top-1: 67.774%, top-5: 88.258%

Epoch: 65
train_loss: 1.605, top-1: 62.975%, top-5: 83.406%
test_loss: 1.304, top-1: 68.130%, top-5: 88.464%

Epoch: 66
==> Preparing data..
==> Resuming from checkpoint..
resumed from the acc: 88.464, net_parameters_size is 8520986

cycle 3:

Epoch: 65
train_loss: 1.598, top-1: 63.149%, top-5: 83.504%
test_loss: 1.310, top-1: 68.080%, top-5: 88.370%

Epoch: 66
train_loss: 1.588, top-1: 63.290%, top-5: 83.632%
test_loss: 1.301, top-1: 68.196%, top-5: 88.558%

Epoch: 67
train_loss: 1.583, top-1: 63.436%, top-5: 83.731%
test_loss: 1.293, top-1: 68.306%, top-5: 88.568%

Epoch: 68
train_loss: 1.575, top-1: 63.565%, top-5: 83.837%
test_loss: 1.280, top-1: 68.590%, top-5: 88.728%

Epoch: 69
train_loss: 1.569, top-1: 63.714%, top-5: 83.938%
test_loss: 1.286, top-1: 68.350%, top-5: 88.690%

Epoch: 70
train_loss: 1.566, top-1: 63.771%, top-5: 83.947%
test_loss: 1.285, top-1: 68.372%, top-5: 88.656%

Epoch: 71
train_loss: 1.561, top-1: 63.915%, top-5: 84.048%
test_loss: 1.283, top-1: 68.460%, top-5: 88.648%

Epoch: 72
==> Preparing data..
==> Resuming from checkpoint..
resumed from the acc: 88.648, net_parameters_size is 8520986

cycle 3:

Epoch: 71
train_loss: 1.556, top-1: 63.954%, top-5: 84.078%
test_loss: 1.277, top-1: 68.540%, top-5: 88.706%

Epoch: 72
train_loss: 1.553, top-1: 64.001%, top-5: 84.169%
test_loss: 1.268, top-1: 68.580%, top-5: 89.000%

Epoch: 73
train_loss: 1.549, top-1: 64.085%, top-5: 84.217%
test_loss: 1.279, top-1: 68.448%, top-5: 88.826%

Epoch: 74
train_loss: 1.547, top-1: 64.160%, top-5: 84.195%
test_loss: 1.274, top-1: 68.546%, top-5: 88.820%

Epoch: 75
train_loss: 1.544, top-1: 64.218%, top-5: 84.290%
test_loss: 1.271, top-1: 68.650%, top-5: 88.918%

Epoch: 76
train_loss: 1.540, top-1: 64.285%, top-5: 84.322%
test_loss: 1.271, top-1: 68.754%, top-5: 88.898%

Epoch: 77
train_loss: 1.538, top-1: 64.323%, top-5: 84.349%
test_loss: 1.260, top-1: 68.968%, top-5: 89.108%

Epoch: 78
